Performing C SOURCE FILE Test CMAKE_HAVE_LIBC_PTHREAD failed with the following output:
Change Dir: /home/chang/bighard/AndroidStudioProjects/ncnn_Android_blazeface/ncnn_Android_mediapipe_blazeface/app/.cxx/Debug/4n6m2q2u/arm64-v8a/CMakeFiles/CMakeTmp

Run Build Command(s):/home/chang/Android/Sdk/cmake/3.18.1/bin/ninja cmTC_34776 && [1/2] Building C object CMakeFiles/cmTC_34776.dir/src.c.o
/home/chang/bighard/AndroidStudioProjects/ncnn_Android_blazeface/ncnn_Android_mediapipe_blazeface/app/.cxx/Debug/4n6m2q2u/arm64-v8a/CMakeFiles/CMakeTmp/src.c:13:3: warning: implicit declaration of function 'pthread_cancel' is invalid in C99 [-Wimplicit-function-declaration]
  pthread_cancel(thread);
  ^
1 warning generated.
[2/2] Linking C executable cmTC_34776
FAILED: cmTC_34776 
: && /home/chang/Android/Sdk/ndk/24.0.8215888/toolchains/llvm/prebuilt/linux-x86_64/bin/clang --target=aarch64-none-linux-android24 --sysroot=/home/chang/Android/Sdk/ndk/24.0.8215888/toolchains/llvm/prebuilt/linux-x86_64/sysroot -O2 -g -DNDEBUG  CMakeFiles/cmTC_34776.dir/src.c.o -o cmTC_34776  -latomic -lm && :
ld: error: undefined symbol: pthread_cancel
>>> referenced by src.c:13
>>>               CMakeFiles/cmTC_34776.dir/src.c.o:(main)
clang-14: error: linker command failed with exit code 1 (use -v to see invocation)
ninja: build stopped: subcommand failed.


Source file was:
#include <pthread.h>

static void* test_func(void* data)
{
  return data;
}

int main(void)
{
  pthread_t thread;
  pthread_create(&thread, NULL, test_func, NULL);
  pthread_detach(thread);
  pthread_cancel(thread);
  pthread_join(thread, NULL);
  pthread_atfork(NULL, NULL, NULL);
  pthread_exit(NULL);

  return 0;
}

