The target system is: Android - 24 - i686
The host system is: Linux - 4.15.0-187-generic - x86_64
Compiling the C compiler identification source file "CMakeCCompilerId.c" succeeded.
Compiler: /home/chang/Android/Sdk/ndk/24.0.8215888/toolchains/llvm/prebuilt/linux-x86_64/bin/clang 
Build flags: 
Id flags: -c;--target=i686-none-linux-android24 

The output was:
0


Compilation of the C compiler identification source "CMakeCCompilerId.c" produced "CMakeCCompilerId.o"

The C compiler identification is Clang, found in "/home/chang/bighard/AndroidStudioProjects/ncnn_Android_blazeface/ncnn_Android_mediapipe_blazeface/app/.cxx/RelWithDebInfo/4f3z1qx2/x86/CMakeFiles/3.23.2/CompilerIdC/CMakeCCompilerId.o"

Compiling the CXX compiler identification source file "CMakeCXXCompilerId.cpp" succeeded.
Compiler: /home/chang/Android/Sdk/ndk/24.0.8215888/toolchains/llvm/prebuilt/linux-x86_64/bin/clang++ 
Build flags: 
Id flags: -c;--target=i686-none-linux-android24 

The output was:
0


Compilation of the CXX compiler identification source "CMakeCXXCompilerId.cpp" produced "CMakeCXXCompilerId.o"

The CXX compiler identification is Clang, found in "/home/chang/bighard/AndroidStudioProjects/ncnn_Android_blazeface/ncnn_Android_mediapipe_blazeface/app/.cxx/RelWithDebInfo/4f3z1qx2/x86/CMakeFiles/3.23.2/CompilerIdCXX/CMakeCXXCompilerId.o"

Detecting C compiler ABI info compiled with the following output:
Change Dir: /home/chang/bighard/AndroidStudioProjects/ncnn_Android_blazeface/ncnn_Android_mediapipe_blazeface/app/.cxx/RelWithDebInfo/4f3z1qx2/x86/CMakeFiles/CMakeTmp

Run Build Command(s):/home/chang/Android/Sdk/cmake/3.18.1/bin/ninja cmTC_3a043 && [1/2] Building C object CMakeFiles/cmTC_3a043.dir/CMakeCCompilerABI.c.o
Android (8075178, based on r437112b) clang version 14.0.1 (https://android.googlesource.com/toolchain/llvm-project 8671348b81b95fc603505dfc881b45103bee1731)
Target: i686-none-linux-android24
Thread model: posix
InstalledDir: /home/chang/Android/Sdk/ndk/24.0.8215888/toolchains/llvm/prebuilt/linux-x86_64/bin
 (in-process)
 "/home/chang/Android/Sdk/ndk/24.0.8215888/toolchains/llvm/prebuilt/linux-x86_64/bin/clang" -cc1 -triple i686-none-linux-android24 -emit-obj --mrelax-relocations -mnoexecstack -disable-free -disable-llvm-verifier -discard-value-names -main-file-name CMakeCCompilerABI.c -mrelocation-model pic -pic-level 2 -pic-is-pie -mframe-pointer=none -fno-rounding-math -mconstructor-aliases -munwind-tables -target-cpu i686 -target-feature +ssse3 -tune-cpu generic -debug-info-kind=constructor -dwarf-version=4 -debugger-tuning=gdb -v -ffunction-sections -fdata-sections -fcoverage-compilation-dir=/home/chang/bighard/AndroidStudioProjects/ncnn_Android_blazeface/ncnn_Android_mediapipe_blazeface/app/.cxx/RelWithDebInfo/4f3z1qx2/x86/CMakeFiles/CMakeTmp -resource-dir /home/chang/Android/Sdk/ndk/24.0.8215888/toolchains/llvm/prebuilt/linux-x86_64/lib64/clang/14.0.1 -dependency-file CMakeFiles/cmTC_3a043.dir/CMakeCCompilerABI.c.o.d -MT CMakeFiles/cmTC_3a043.dir/CMakeCCompilerABI.c.o -sys-header-deps -D ANDROID -D _FORTIFY_SOURCE=2 -D NDEBUG -isysroot /home/chang/Android/Sdk/ndk/24.0.8215888/toolchains/llvm/prebuilt/linux-x86_64/sysroot -internal-isystem /home/chang/Android/Sdk/ndk/24.0.8215888/toolchains/llvm/prebuilt/linux-x86_64/lib64/clang/14.0.1/include -internal-isystem /home/chang/Android/Sdk/ndk/24.0.8215888/toolchains/llvm/prebuilt/linux-x86_64/sysroot/usr/local/include -internal-externc-isystem /home/chang/Android/Sdk/ndk/24.0.8215888/toolchains/llvm/prebuilt/linux-x86_64/sysroot/usr/include/i686-linux-android -internal-externc-isystem /home/chang/Android/Sdk/ndk/24.0.8215888/toolchains/llvm/prebuilt/linux-x86_64/sysroot/include -internal-externc-isystem /home/chang/Android/Sdk/ndk/24.0.8215888/toolchains/llvm/prebuilt/linux-x86_64/sysroot/usr/include -O2 -Wformat -fdebug-compilation-dir=/home/chang/bighard/AndroidStudioProjects/ncnn_Android_blazeface/ncnn_Android_mediapipe_blazeface/app/.cxx/RelWithDebInfo/4f3z1qx2/x86/CMakeFiles/CMakeTmp -ferror-limit 19 -stack-protector 2 -fgnuc-version=4.2.1 -fexceptions -vectorize-loops -vectorize-slp -D__GCC_HAVE_DWARF2_CFI_ASM=1 -o CMakeFiles/cmTC_3a043.dir/CMakeCCompilerABI.c.o -x c /usr/share/cmake-3.23/Modules/CMakeCCompilerABI.c
clang -cc1 version 14.0.1 based upon LLVM 14.0.1git default target x86_64-unknown-linux-gnu
ignoring nonexistent directory "/home/chang/Android/Sdk/ndk/24.0.8215888/toolchains/llvm/prebuilt/linux-x86_64/sysroot/include"
#include "..." search starts here:
#include <...> search starts here:
 /home/chang/Android/Sdk/ndk/24.0.8215888/toolchains/llvm/prebuilt/linux-x86_64/lib64/clang/14.0.1/include
 /home/chang/Android/Sdk/ndk/24.0.8215888/toolchains/llvm/prebuilt/linux-x86_64/sysroot/usr/local/include
 /home/chang/Android/Sdk/ndk/24.0.8215888/toolchains/llvm/prebuilt/linux-x86_64/sysroot/usr/include/i686-linux-android
 /home/chang/Android/Sdk/ndk/24.0.8215888/toolchains/llvm/prebuilt/linux-x86_64/sysroot/usr/include
End of search list.
[2/2] Linking C executable cmTC_3a043
Android (8075178, based on r437112b) clang version 14.0.1 (https://android.googlesource.com/toolchain/llvm-project 8671348b81b95fc603505dfc881b45103bee1731)
Target: i686-none-linux-android24
Thread model: posix
InstalledDir: /home/chang/Android/Sdk/ndk/24.0.8215888/toolchains/llvm/prebuilt/linux-x86_64/bin
 "/home/chang/Android/Sdk/ndk/24.0.8215888/toolchains/llvm/prebuilt/linux-x86_64/bin/ld" --sysroot=/home/chang/Android/Sdk/ndk/24.0.8215888/toolchains/llvm/prebuilt/linux-x86_64/sysroot -pie -z noexecstack --warn-shared-textrel -z now -z relro --hash-style=gnu --enable-new-dtags --eh-frame-hdr -m elf_i386 -dynamic-linker /system/bin/linker -o cmTC_3a043 /home/chang/Android/Sdk/ndk/24.0.8215888/toolchains/llvm/prebuilt/linux-x86_64/sysroot/usr/lib/i686-linux-android/24/crtbegin_dynamic.o -L/home/chang/Android/Sdk/ndk/24.0.8215888/toolchains/llvm/prebuilt/linux-x86_64/lib64/clang/14.0.1/lib/linux/i386 -L/home/chang/Android/Sdk/ndk/24.0.8215888/toolchains/llvm/prebuilt/linux-x86_64/sysroot/usr/lib/i686-linux-android/24 -L/home/chang/Android/Sdk/ndk/24.0.8215888/toolchains/llvm/prebuilt/linux-x86_64/sysroot/usr/lib/i686-linux-android -L/home/chang/Android/Sdk/ndk/24.0.8215888/toolchains/llvm/prebuilt/linux-x86_64/sysroot/usr/lib --build-id=sha1 --no-rosegment --fatal-warnings --no-undefined --gc-sections CMakeFiles/cmTC_3a043.dir/CMakeCCompilerABI.c.o -latomic -lm /home/chang/Android/Sdk/ndk/24.0.8215888/toolchains/llvm/prebuilt/linux-x86_64/lib64/clang/14.0.1/lib/linux/libclang_rt.builtins-i686-android.a -l:libunwind.a -ldl -lc /home/chang/Android/Sdk/ndk/24.0.8215888/toolchains/llvm/prebuilt/linux-x86_64/lib64/clang/14.0.1/lib/linux/libclang_rt.builtins-i686-android.a -l:libunwind.a -ldl /home/chang/Android/Sdk/ndk/24.0.8215888/toolchains/llvm/prebuilt/linux-x86_64/sysroot/usr/lib/i686-linux-android/24/crtend_android.o



Parsed C implicit include dir info from above output: rv=done
  found start of include info
  found start of implicit include info
    add: [/home/chang/Android/Sdk/ndk/24.0.8215888/toolchains/llvm/prebuilt/linux-x86_64/lib64/clang/14.0.1/include]
    add: [/home/chang/Android/Sdk/ndk/24.0.8215888/toolchains/llvm/prebuilt/linux-x86_64/sysroot/usr/local/include]
    add: [/home/chang/Android/Sdk/ndk/24.0.8215888/toolchains/llvm/prebuilt/linux-x86_64/sysroot/usr/include/i686-linux-android]
    add: [/home/chang/Android/Sdk/ndk/24.0.8215888/toolchains/llvm/prebuilt/linux-x86_64/sysroot/usr/include]
  end of search list found
  collapse include dir [/home/chang/Android/Sdk/ndk/24.0.8215888/toolchains/llvm/prebuilt/linux-x86_64/lib64/clang/14.0.1/include] ==> [/home/chang/Android/Sdk/ndk/24.0.8215888/toolchains/llvm/prebuilt/linux-x86_64/lib64/clang/14.0.1/include]
  collapse include dir [/home/chang/Android/Sdk/ndk/24.0.8215888/toolchains/llvm/prebuilt/linux-x86_64/sysroot/usr/local/include] ==> [/home/chang/Android/Sdk/ndk/24.0.8215888/toolchains/llvm/prebuilt/linux-x86_64/sysroot/usr/local/include]
  collapse include dir [/home/chang/Android/Sdk/ndk/24.0.8215888/toolchains/llvm/prebuilt/linux-x86_64/sysroot/usr/include/i686-linux-android] ==> [/home/chang/Android/Sdk/ndk/24.0.8215888/toolchains/llvm/prebuilt/linux-x86_64/sysroot/usr/include/i686-linux-android]
  collapse include dir [/home/chang/Android/Sdk/ndk/24.0.8215888/toolchains/llvm/prebuilt/linux-x86_64/sysroot/usr/include] ==> [/home/chang/Android/Sdk/ndk/24.0.8215888/toolchains/llvm/prebuilt/linux-x86_64/sysroot/usr/include]
  implicit include dirs: [/home/chang/Android/Sdk/ndk/24.0.8215888/toolchains/llvm/prebuilt/linux-x86_64/lib64/clang/14.0.1/include;/home/chang/Android/Sdk/ndk/24.0.8215888/toolchains/llvm/prebuilt/linux-x86_64/sysroot/usr/local/include;/home/chang/Android/Sdk/ndk/24.0.8215888/toolchains/llvm/prebuilt/linux-x86_64/sysroot/usr/include/i686-linux-android;/home/chang/Android/Sdk/ndk/24.0.8215888/toolchains/llvm/prebuilt/linux-x86_64/sysroot/usr/include]


Parsed C implicit link information from above output:
  link line regex: [^( *|.*[/\])(ld\.lld|CMAKE_LINK_STARTFILE-NOTFOUND|([^/\]+-)?ld|collect2)[^/\]*( |$)]
  ignore line: [Change Dir: /home/chang/bighard/AndroidStudioProjects/ncnn_Android_blazeface/ncnn_Android_mediapipe_blazeface/app/.cxx/RelWithDebInfo/4f3z1qx2/x86/CMakeFiles/CMakeTmp]
  ignore line: []
  ignore line: [Run Build Command(s):/home/chang/Android/Sdk/cmake/3.18.1/bin/ninja cmTC_3a043 && [1/2] Building C object CMakeFiles/cmTC_3a043.dir/CMakeCCompilerABI.c.o]
  ignore line: [Android (8075178  based on r437112b) clang version 14.0.1 (https://android.googlesource.com/toolchain/llvm-project 8671348b81b95fc603505dfc881b45103bee1731)]
  ignore line: [Target: i686-none-linux-android24]
  ignore line: [Thread model: posix]
  ignore line: [InstalledDir: /home/chang/Android/Sdk/ndk/24.0.8215888/toolchains/llvm/prebuilt/linux-x86_64/bin]
  ignore line: [ (in-process)]
  ignore line: [ "/home/chang/Android/Sdk/ndk/24.0.8215888/toolchains/llvm/prebuilt/linux-x86_64/bin/clang" -cc1 -triple i686-none-linux-android24 -emit-obj --mrelax-relocations -mnoexecstack -disable-free -disable-llvm-verifier -discard-value-names -main-file-name CMakeCCompilerABI.c -mrelocation-model pic -pic-level 2 -pic-is-pie -mframe-pointer=none -fno-rounding-math -mconstructor-aliases -munwind-tables -target-cpu i686 -target-feature +ssse3 -tune-cpu generic -debug-info-kind=constructor -dwarf-version=4 -debugger-tuning=gdb -v -ffunction-sections -fdata-sections -fcoverage-compilation-dir=/home/chang/bighard/AndroidStudioProjects/ncnn_Android_blazeface/ncnn_Android_mediapipe_blazeface/app/.cxx/RelWithDebInfo/4f3z1qx2/x86/CMakeFiles/CMakeTmp -resource-dir /home/chang/Android/Sdk/ndk/24.0.8215888/toolchains/llvm/prebuilt/linux-x86_64/lib64/clang/14.0.1 -dependency-file CMakeFiles/cmTC_3a043.dir/CMakeCCompilerABI.c.o.d -MT CMakeFiles/cmTC_3a043.dir/CMakeCCompilerABI.c.o -sys-header-deps -D ANDROID -D _FORTIFY_SOURCE=2 -D NDEBUG -isysroot /home/chang/Android/Sdk/ndk/24.0.8215888/toolchains/llvm/prebuilt/linux-x86_64/sysroot -internal-isystem /home/chang/Android/Sdk/ndk/24.0.8215888/toolchains/llvm/prebuilt/linux-x86_64/lib64/clang/14.0.1/include -internal-isystem /home/chang/Android/Sdk/ndk/24.0.8215888/toolchains/llvm/prebuilt/linux-x86_64/sysroot/usr/local/include -internal-externc-isystem /home/chang/Android/Sdk/ndk/24.0.8215888/toolchains/llvm/prebuilt/linux-x86_64/sysroot/usr/include/i686-linux-android -internal-externc-isystem /home/chang/Android/Sdk/ndk/24.0.8215888/toolchains/llvm/prebuilt/linux-x86_64/sysroot/include -internal-externc-isystem /home/chang/Android/Sdk/ndk/24.0.8215888/toolchains/llvm/prebuilt/linux-x86_64/sysroot/usr/include -O2 -Wformat -fdebug-compilation-dir=/home/chang/bighard/AndroidStudioProjects/ncnn_Android_blazeface/ncnn_Android_mediapipe_blazeface/app/.cxx/RelWithDebInfo/4f3z1qx2/x86/CMakeFiles/CMakeTmp -ferror-limit 19 -stack-protector 2 -fgnuc-version=4.2.1 -fexceptions -vectorize-loops -vectorize-slp -D__GCC_HAVE_DWARF2_CFI_ASM=1 -o CMakeFiles/cmTC_3a043.dir/CMakeCCompilerABI.c.o -x c /usr/share/cmake-3.23/Modules/CMakeCCompilerABI.c]
  ignore line: [clang -cc1 version 14.0.1 based upon LLVM 14.0.1git default target x86_64-unknown-linux-gnu]
  ignore line: [ignoring nonexistent directory "/home/chang/Android/Sdk/ndk/24.0.8215888/toolchains/llvm/prebuilt/linux-x86_64/sysroot/include"]
  ignore line: [#include "..." search starts here:]
  ignore line: [#include <...> search starts here:]
  ignore line: [ /home/chang/Android/Sdk/ndk/24.0.8215888/toolchains/llvm/prebuilt/linux-x86_64/lib64/clang/14.0.1/include]
  ignore line: [ /home/chang/Android/Sdk/ndk/24.0.8215888/toolchains/llvm/prebuilt/linux-x86_64/sysroot/usr/local/include]
  ignore line: [ /home/chang/Android/Sdk/ndk/24.0.8215888/toolchains/llvm/prebuilt/linux-x86_64/sysroot/usr/include/i686-linux-android]
  ignore line: [ /home/chang/Android/Sdk/ndk/24.0.8215888/toolchains/llvm/prebuilt/linux-x86_64/sysroot/usr/include]
  ignore line: [End of search list.]
  ignore line: [[2/2] Linking C executable cmTC_3a043]
  ignore line: [Android (8075178  based on r437112b) clang version 14.0.1 (https://android.googlesource.com/toolchain/llvm-project 8671348b81b95fc603505dfc881b45103bee1731)]
  ignore line: [Target: i686-none-linux-android24]
  ignore line: [Thread model: posix]
  ignore line: [InstalledDir: /home/chang/Android/Sdk/ndk/24.0.8215888/toolchains/llvm/prebuilt/linux-x86_64/bin]
  link line: [ "/home/chang/Android/Sdk/ndk/24.0.8215888/toolchains/llvm/prebuilt/linux-x86_64/bin/ld" --sysroot=/home/chang/Android/Sdk/ndk/24.0.8215888/toolchains/llvm/prebuilt/linux-x86_64/sysroot -pie -z noexecstack --warn-shared-textrel -z now -z relro --hash-style=gnu --enable-new-dtags --eh-frame-hdr -m elf_i386 -dynamic-linker /system/bin/linker -o cmTC_3a043 /home/chang/Android/Sdk/ndk/24.0.8215888/toolchains/llvm/prebuilt/linux-x86_64/sysroot/usr/lib/i686-linux-android/24/crtbegin_dynamic.o -L/home/chang/Android/Sdk/ndk/24.0.8215888/toolchains/llvm/prebuilt/linux-x86_64/lib64/clang/14.0.1/lib/linux/i386 -L/home/chang/Android/Sdk/ndk/24.0.8215888/toolchains/llvm/prebuilt/linux-x86_64/sysroot/usr/lib/i686-linux-android/24 -L/home/chang/Android/Sdk/ndk/24.0.8215888/toolchains/llvm/prebuilt/linux-x86_64/sysroot/usr/lib/i686-linux-android -L/home/chang/Android/Sdk/ndk/24.0.8215888/toolchains/llvm/prebuilt/linux-x86_64/sysroot/usr/lib --build-id=sha1 --no-rosegment --fatal-warnings --no-undefined --gc-sections CMakeFiles/cmTC_3a043.dir/CMakeCCompilerABI.c.o -latomic -lm /home/chang/Android/Sdk/ndk/24.0.8215888/toolchains/llvm/prebuilt/linux-x86_64/lib64/clang/14.0.1/lib/linux/libclang_rt.builtins-i686-android.a -l:libunwind.a -ldl -lc /home/chang/Android/Sdk/ndk/24.0.8215888/toolchains/llvm/prebuilt/linux-x86_64/lib64/clang/14.0.1/lib/linux/libclang_rt.builtins-i686-android.a -l:libunwind.a -ldl /home/chang/Android/Sdk/ndk/24.0.8215888/toolchains/llvm/prebuilt/linux-x86_64/sysroot/usr/lib/i686-linux-android/24/crtend_android.o]
    arg [/home/chang/Android/Sdk/ndk/24.0.8215888/toolchains/llvm/prebuilt/linux-x86_64/bin/ld] ==> ignore
    arg [--sysroot=/home/chang/Android/Sdk/ndk/24.0.8215888/toolchains/llvm/prebuilt/linux-x86_64/sysroot] ==> ignore
    arg [-pie] ==> ignore
    arg [-znoexecstack] ==> ignore
    arg [--warn-shared-textrel] ==> ignore
    arg [-znow] ==> ignore
    arg [-zrelro] ==> ignore
    arg [--hash-style=gnu] ==> ignore
    arg [--enable-new-dtags] ==> ignore
    arg [--eh-frame-hdr] ==> ignore
    arg [-m] ==> ignore
    arg [elf_i386] ==> ignore
    arg [-dynamic-linker] ==> ignore
    arg [/system/bin/linker] ==> ignore
    arg [-o] ==> ignore
    arg [cmTC_3a043] ==> ignore
    arg [/home/chang/Android/Sdk/ndk/24.0.8215888/toolchains/llvm/prebuilt/linux-x86_64/sysroot/usr/lib/i686-linux-android/24/crtbegin_dynamic.o] ==> obj [/home/chang/Android/Sdk/ndk/24.0.8215888/toolchains/llvm/prebuilt/linux-x86_64/sysroot/usr/lib/i686-linux-android/24/crtbegin_dynamic.o]
    arg [-L/home/chang/Android/Sdk/ndk/24.0.8215888/toolchains/llvm/prebuilt/linux-x86_64/lib64/clang/14.0.1/lib/linux/i386] ==> dir [/home/chang/Android/Sdk/ndk/24.0.8215888/toolchains/llvm/prebuilt/linux-x86_64/lib64/clang/14.0.1/lib/linux/i386]
    arg [-L/home/chang/Android/Sdk/ndk/24.0.8215888/toolchains/llvm/prebuilt/linux-x86_64/sysroot/usr/lib/i686-linux-android/24] ==> dir [/home/chang/Android/Sdk/ndk/24.0.8215888/toolchains/llvm/prebuilt/linux-x86_64/sysroot/usr/lib/i686-linux-android/24]
    arg [-L/home/chang/Android/Sdk/ndk/24.0.8215888/toolchains/llvm/prebuilt/linux-x86_64/sysroot/usr/lib/i686-linux-android] ==> dir [/home/chang/Android/Sdk/ndk/24.0.8215888/toolchains/llvm/prebuilt/linux-x86_64/sysroot/usr/lib/i686-linux-android]
    arg [-L/home/chang/Android/Sdk/ndk/24.0.8215888/toolchains/llvm/prebuilt/linux-x86_64/sysroot/usr/lib] ==> dir [/home/chang/Android/Sdk/ndk/24.0.8215888/toolchains/llvm/prebuilt/linux-x86_64/sysroot/usr/lib]
    arg [--build-id=sha1] ==> ignore
    arg [--no-rosegment] ==> ignore
    arg [--fatal-warnings] ==> ignore
    arg [--no-undefined] ==> ignore
    arg [--gc-sections] ==> ignore
    arg [CMakeFiles/cmTC_3a043.dir/CMakeCCompilerABI.c.o] ==> ignore
    arg [-latomic] ==> lib [atomic]
    arg [-lm] ==> lib [m]
    arg [/home/chang/Android/Sdk/ndk/24.0.8215888/toolchains/llvm/prebuilt/linux-x86_64/lib64/clang/14.0.1/lib/linux/libclang_rt.builtins-i686-android.a] ==> lib [/home/chang/Android/Sdk/ndk/24.0.8215888/toolchains/llvm/prebuilt/linux-x86_64/lib64/clang/14.0.1/lib/linux/libclang_rt.builtins-i686-android.a]
    arg [-l:libunwind.a] ==> lib [-l:libunwind.a]
    arg [-ldl] ==> lib [dl]
    arg [-lc] ==> lib [c]
    arg [/home/chang/Android/Sdk/ndk/24.0.8215888/toolchains/llvm/prebuilt/linux-x86_64/lib64/clang/14.0.1/lib/linux/libclang_rt.builtins-i686-android.a] ==> lib [/home/chang/Android/Sdk/ndk/24.0.8215888/toolchains/llvm/prebuilt/linux-x86_64/lib64/clang/14.0.1/lib/linux/libclang_rt.builtins-i686-android.a]
    arg [-l:libunwind.a] ==> lib [-l:libunwind.a]
    arg [-ldl] ==> lib [dl]
    arg [/home/chang/Android/Sdk/ndk/24.0.8215888/toolchains/llvm/prebuilt/linux-x86_64/sysroot/usr/lib/i686-linux-android/24/crtend_android.o] ==> obj [/home/chang/Android/Sdk/ndk/24.0.8215888/toolchains/llvm/prebuilt/linux-x86_64/sysroot/usr/lib/i686-linux-android/24/crtend_android.o]
  remove lib [/home/chang/Android/Sdk/ndk/24.0.8215888/toolchains/llvm/prebuilt/linux-x86_64/lib64/clang/14.0.1/lib/linux/libclang_rt.builtins-i686-android.a]
  remove lib [/home/chang/Android/Sdk/ndk/24.0.8215888/toolchains/llvm/prebuilt/linux-x86_64/lib64/clang/14.0.1/lib/linux/libclang_rt.builtins-i686-android.a]
  collapse library dir [/home/chang/Android/Sdk/ndk/24.0.8215888/toolchains/llvm/prebuilt/linux-x86_64/lib64/clang/14.0.1/lib/linux/i386] ==> [/home/chang/Android/Sdk/ndk/24.0.8215888/toolchains/llvm/prebuilt/linux-x86_64/lib64/clang/14.0.1/lib/linux/i386]
  collapse library dir [/home/chang/Android/Sdk/ndk/24.0.8215888/toolchains/llvm/prebuilt/linux-x86_64/sysroot/usr/lib/i686-linux-android/24] ==> [/home/chang/Android/Sdk/ndk/24.0.8215888/toolchains/llvm/prebuilt/linux-x86_64/sysroot/usr/lib/i686-linux-android/24]
  collapse library dir [/home/chang/Android/Sdk/ndk/24.0.8215888/toolchains/llvm/prebuilt/linux-x86_64/sysroot/usr/lib/i686-linux-android] ==> [/home/chang/Android/Sdk/ndk/24.0.8215888/toolchains/llvm/prebuilt/linux-x86_64/sysroot/usr/lib/i686-linux-android]
  collapse library dir [/home/chang/Android/Sdk/ndk/24.0.8215888/toolchains/llvm/prebuilt/linux-x86_64/sysroot/usr/lib] ==> [/home/chang/Android/Sdk/ndk/24.0.8215888/toolchains/llvm/prebuilt/linux-x86_64/sysroot/usr/lib]
  implicit libs: [atomic;m;-l:libunwind.a;dl;c;-l:libunwind.a;dl]
  implicit objs: [/home/chang/Android/Sdk/ndk/24.0.8215888/toolchains/llvm/prebuilt/linux-x86_64/sysroot/usr/lib/i686-linux-android/24/crtbegin_dynamic.o;/home/chang/Android/Sdk/ndk/24.0.8215888/toolchains/llvm/prebuilt/linux-x86_64/sysroot/usr/lib/i686-linux-android/24/crtend_android.o]
  implicit dirs: [/home/chang/Android/Sdk/ndk/24.0.8215888/toolchains/llvm/prebuilt/linux-x86_64/lib64/clang/14.0.1/lib/linux/i386;/home/chang/Android/Sdk/ndk/24.0.8215888/toolchains/llvm/prebuilt/linux-x86_64/sysroot/usr/lib/i686-linux-android/24;/home/chang/Android/Sdk/ndk/24.0.8215888/toolchains/llvm/prebuilt/linux-x86_64/sysroot/usr/lib/i686-linux-android;/home/chang/Android/Sdk/ndk/24.0.8215888/toolchains/llvm/prebuilt/linux-x86_64/sysroot/usr/lib]
  implicit fwks: []


Detecting CXX compiler ABI info compiled with the following output:
Change Dir: /home/chang/bighard/AndroidStudioProjects/ncnn_Android_blazeface/ncnn_Android_mediapipe_blazeface/app/.cxx/RelWithDebInfo/4f3z1qx2/x86/CMakeFiles/CMakeTmp

Run Build Command(s):/home/chang/Android/Sdk/cmake/3.18.1/bin/ninja cmTC_21bc1 && [1/2] Building CXX object CMakeFiles/cmTC_21bc1.dir/CMakeCXXCompilerABI.cpp.o
Android (8075178, based on r437112b) clang version 14.0.1 (https://android.googlesource.com/toolchain/llvm-project 8671348b81b95fc603505dfc881b45103bee1731)
Target: i686-none-linux-android24
Thread model: posix
InstalledDir: /home/chang/Android/Sdk/ndk/24.0.8215888/toolchains/llvm/prebuilt/linux-x86_64/bin
 (in-process)
 "/home/chang/Android/Sdk/ndk/24.0.8215888/toolchains/llvm/prebuilt/linux-x86_64/bin/clang++" -cc1 -triple i686-none-linux-android24 -emit-obj --mrelax-relocations -mnoexecstack -disable-free -disable-llvm-verifier -discard-value-names -main-file-name CMakeCXXCompilerABI.cpp -mrelocation-model pic -pic-level 2 -pic-is-pie -mframe-pointer=none -fno-rounding-math -mconstructor-aliases -munwind-tables -target-cpu i686 -target-feature +ssse3 -tune-cpu generic -debug-info-kind=constructor -dwarf-version=4 -debugger-tuning=gdb -v -ffunction-sections -fdata-sections -fcoverage-compilation-dir=/home/chang/bighard/AndroidStudioProjects/ncnn_Android_blazeface/ncnn_Android_mediapipe_blazeface/app/.cxx/RelWithDebInfo/4f3z1qx2/x86/CMakeFiles/CMakeTmp -resource-dir /home/chang/Android/Sdk/ndk/24.0.8215888/toolchains/llvm/prebuilt/linux-x86_64/lib64/clang/14.0.1 -dependency-file CMakeFiles/cmTC_21bc1.dir/CMakeCXXCompilerABI.cpp.o.d -MT CMakeFiles/cmTC_21bc1.dir/CMakeCXXCompilerABI.cpp.o -sys-header-deps -D ANDROID -D _FORTIFY_SOURCE=2 -D NDEBUG -isysroot /home/chang/Android/Sdk/ndk/24.0.8215888/toolchains/llvm/prebuilt/linux-x86_64/sysroot -internal-isystem /home/chang/Android/Sdk/ndk/24.0.8215888/toolchains/llvm/prebuilt/linux-x86_64/sysroot/usr/include/c++/v1 -internal-isystem /home/chang/Android/Sdk/ndk/24.0.8215888/toolchains/llvm/prebuilt/linux-x86_64/lib64/clang/14.0.1/include -internal-isystem /home/chang/Android/Sdk/ndk/24.0.8215888/toolchains/llvm/prebuilt/linux-x86_64/sysroot/usr/local/include -internal-externc-isystem /home/chang/Android/Sdk/ndk/24.0.8215888/toolchains/llvm/prebuilt/linux-x86_64/sysroot/usr/include/i686-linux-android -internal-externc-isystem /home/chang/Android/Sdk/ndk/24.0.8215888/toolchains/llvm/prebuilt/linux-x86_64/sysroot/include -internal-externc-isystem /home/chang/Android/Sdk/ndk/24.0.8215888/toolchains/llvm/prebuilt/linux-x86_64/sysroot/usr/include -O2 -Wformat -fdeprecated-macro -fdebug-compilation-dir=/home/chang/bighard/AndroidStudioProjects/ncnn_Android_blazeface/ncnn_Android_mediapipe_blazeface/app/.cxx/RelWithDebInfo/4f3z1qx2/x86/CMakeFiles/CMakeTmp -ferror-limit 19 -stack-protector 2 -fgnuc-version=4.2.1 -fcxx-exceptions -fexceptions -vectorize-loops -vectorize-slp -D__GCC_HAVE_DWARF2_CFI_ASM=1 -o CMakeFiles/cmTC_21bc1.dir/CMakeCXXCompilerABI.cpp.o -x c++ /usr/share/cmake-3.23/Modules/CMakeCXXCompilerABI.cpp
clang -cc1 version 14.0.1 based upon LLVM 14.0.1git default target x86_64-unknown-linux-gnu
ignoring nonexistent directory "/home/chang/Android/Sdk/ndk/24.0.8215888/toolchains/llvm/prebuilt/linux-x86_64/sysroot/include"
#include "..." search starts here:
#include <...> search starts here:
 /home/chang/Android/Sdk/ndk/24.0.8215888/toolchains/llvm/prebuilt/linux-x86_64/sysroot/usr/include/c++/v1
 /home/chang/Android/Sdk/ndk/24.0.8215888/toolchains/llvm/prebuilt/linux-x86_64/lib64/clang/14.0.1/include
 /home/chang/Android/Sdk/ndk/24.0.8215888/toolchains/llvm/prebuilt/linux-x86_64/sysroot/usr/local/include
 /home/chang/Android/Sdk/ndk/24.0.8215888/toolchains/llvm/prebuilt/linux-x86_64/sysroot/usr/include/i686-linux-android
 /home/chang/Android/Sdk/ndk/24.0.8215888/toolchains/llvm/prebuilt/linux-x86_64/sysroot/usr/include
End of search list.
[2/2] Linking CXX executable cmTC_21bc1
Android (8075178, based on r437112b) clang version 14.0.1 (https://android.googlesource.com/toolchain/llvm-project 8671348b81b95fc603505dfc881b45103bee1731)
Target: i686-none-linux-android24
Thread model: posix
InstalledDir: /home/chang/Android/Sdk/ndk/24.0.8215888/toolchains/llvm/prebuilt/linux-x86_64/bin
 "/home/chang/Android/Sdk/ndk/24.0.8215888/toolchains/llvm/prebuilt/linux-x86_64/bin/ld" --sysroot=/home/chang/Android/Sdk/ndk/24.0.8215888/toolchains/llvm/prebuilt/linux-x86_64/sysroot -pie -z noexecstack --warn-shared-textrel -z now -z relro --hash-style=gnu --enable-new-dtags --eh-frame-hdr -m elf_i386 -dynamic-linker /system/bin/linker -o cmTC_21bc1 /home/chang/Android/Sdk/ndk/24.0.8215888/toolchains/llvm/prebuilt/linux-x86_64/sysroot/usr/lib/i686-linux-android/24/crtbegin_dynamic.o -L/home/chang/Android/Sdk/ndk/24.0.8215888/toolchains/llvm/prebuilt/linux-x86_64/lib64/clang/14.0.1/lib/linux/i386 -L/home/chang/Android/Sdk/ndk/24.0.8215888/toolchains/llvm/prebuilt/linux-x86_64/sysroot/usr/lib/i686-linux-android/24 -L/home/chang/Android/Sdk/ndk/24.0.8215888/toolchains/llvm/prebuilt/linux-x86_64/sysroot/usr/lib/i686-linux-android -L/home/chang/Android/Sdk/ndk/24.0.8215888/toolchains/llvm/prebuilt/linux-x86_64/sysroot/usr/lib --build-id=sha1 --no-rosegment --fatal-warnings --no-undefined --gc-sections CMakeFiles/cmTC_21bc1.dir/CMakeCXXCompilerABI.cpp.o -latomic -lm -Bstatic -lc++ -Bdynamic -lm /home/chang/Android/Sdk/ndk/24.0.8215888/toolchains/llvm/prebuilt/linux-x86_64/lib64/clang/14.0.1/lib/linux/libclang_rt.builtins-i686-android.a -l:libunwind.a -ldl -lc /home/chang/Android/Sdk/ndk/24.0.8215888/toolchains/llvm/prebuilt/linux-x86_64/lib64/clang/14.0.1/lib/linux/libclang_rt.builtins-i686-android.a -l:libunwind.a -ldl /home/chang/Android/Sdk/ndk/24.0.8215888/toolchains/llvm/prebuilt/linux-x86_64/sysroot/usr/lib/i686-linux-android/24/crtend_android.o



Parsed CXX implicit include dir info from above output: rv=done
  found start of include info
  found start of implicit include info
    add: [/home/chang/Android/Sdk/ndk/24.0.8215888/toolchains/llvm/prebuilt/linux-x86_64/sysroot/usr/include/c++/v1]
    add: [/home/chang/Android/Sdk/ndk/24.0.8215888/toolchains/llvm/prebuilt/linux-x86_64/lib64/clang/14.0.1/include]
    add: [/home/chang/Android/Sdk/ndk/24.0.8215888/toolchains/llvm/prebuilt/linux-x86_64/sysroot/usr/local/include]
    add: [/home/chang/Android/Sdk/ndk/24.0.8215888/toolchains/llvm/prebuilt/linux-x86_64/sysroot/usr/include/i686-linux-android]
    add: [/home/chang/Android/Sdk/ndk/24.0.8215888/toolchains/llvm/prebuilt/linux-x86_64/sysroot/usr/include]
  end of search list found
  collapse include dir [/home/chang/Android/Sdk/ndk/24.0.8215888/toolchains/llvm/prebuilt/linux-x86_64/sysroot/usr/include/c++/v1] ==> [/home/chang/Android/Sdk/ndk/24.0.8215888/toolchains/llvm/prebuilt/linux-x86_64/sysroot/usr/include/c++/v1]
  collapse include dir [/home/chang/Android/Sdk/ndk/24.0.8215888/toolchains/llvm/prebuilt/linux-x86_64/lib64/clang/14.0.1/include] ==> [/home/chang/Android/Sdk/ndk/24.0.8215888/toolchains/llvm/prebuilt/linux-x86_64/lib64/clang/14.0.1/include]
  collapse include dir [/home/chang/Android/Sdk/ndk/24.0.8215888/toolchains/llvm/prebuilt/linux-x86_64/sysroot/usr/local/include] ==> [/home/chang/Android/Sdk/ndk/24.0.8215888/toolchains/llvm/prebuilt/linux-x86_64/sysroot/usr/local/include]
  collapse include dir [/home/chang/Android/Sdk/ndk/24.0.8215888/toolchains/llvm/prebuilt/linux-x86_64/sysroot/usr/include/i686-linux-android] ==> [/home/chang/Android/Sdk/ndk/24.0.8215888/toolchains/llvm/prebuilt/linux-x86_64/sysroot/usr/include/i686-linux-android]
  collapse include dir [/home/chang/Android/Sdk/ndk/24.0.8215888/toolchains/llvm/prebuilt/linux-x86_64/sysroot/usr/include] ==> [/home/chang/Android/Sdk/ndk/24.0.8215888/toolchains/llvm/prebuilt/linux-x86_64/sysroot/usr/include]
  implicit include dirs: [/home/chang/Android/Sdk/ndk/24.0.8215888/toolchains/llvm/prebuilt/linux-x86_64/sysroot/usr/include/c++/v1;/home/chang/Android/Sdk/ndk/24.0.8215888/toolchains/llvm/prebuilt/linux-x86_64/lib64/clang/14.0.1/include;/home/chang/Android/Sdk/ndk/24.0.8215888/toolchains/llvm/prebuilt/linux-x86_64/sysroot/usr/local/include;/home/chang/Android/Sdk/ndk/24.0.8215888/toolchains/llvm/prebuilt/linux-x86_64/sysroot/usr/include/i686-linux-android;/home/chang/Android/Sdk/ndk/24.0.8215888/toolchains/llvm/prebuilt/linux-x86_64/sysroot/usr/include]


Parsed CXX implicit link information from above output:
  link line regex: [^( *|.*[/\])(ld\.lld|CMAKE_LINK_STARTFILE-NOTFOUND|([^/\]+-)?ld|collect2)[^/\]*( |$)]
  ignore line: [Change Dir: /home/chang/bighard/AndroidStudioProjects/ncnn_Android_blazeface/ncnn_Android_mediapipe_blazeface/app/.cxx/RelWithDebInfo/4f3z1qx2/x86/CMakeFiles/CMakeTmp]
  ignore line: []
  ignore line: [Run Build Command(s):/home/chang/Android/Sdk/cmake/3.18.1/bin/ninja cmTC_21bc1 && [1/2] Building CXX object CMakeFiles/cmTC_21bc1.dir/CMakeCXXCompilerABI.cpp.o]
  ignore line: [Android (8075178  based on r437112b) clang version 14.0.1 (https://android.googlesource.com/toolchain/llvm-project 8671348b81b95fc603505dfc881b45103bee1731)]
  ignore line: [Target: i686-none-linux-android24]
  ignore line: [Thread model: posix]
  ignore line: [InstalledDir: /home/chang/Android/Sdk/ndk/24.0.8215888/toolchains/llvm/prebuilt/linux-x86_64/bin]
  ignore line: [ (in-process)]
  ignore line: [ "/home/chang/Android/Sdk/ndk/24.0.8215888/toolchains/llvm/prebuilt/linux-x86_64/bin/clang++" -cc1 -triple i686-none-linux-android24 -emit-obj --mrelax-relocations -mnoexecstack -disable-free -disable-llvm-verifier -discard-value-names -main-file-name CMakeCXXCompilerABI.cpp -mrelocation-model pic -pic-level 2 -pic-is-pie -mframe-pointer=none -fno-rounding-math -mconstructor-aliases -munwind-tables -target-cpu i686 -target-feature +ssse3 -tune-cpu generic -debug-info-kind=constructor -dwarf-version=4 -debugger-tuning=gdb -v -ffunction-sections -fdata-sections -fcoverage-compilation-dir=/home/chang/bighard/AndroidStudioProjects/ncnn_Android_blazeface/ncnn_Android_mediapipe_blazeface/app/.cxx/RelWithDebInfo/4f3z1qx2/x86/CMakeFiles/CMakeTmp -resource-dir /home/chang/Android/Sdk/ndk/24.0.8215888/toolchains/llvm/prebuilt/linux-x86_64/lib64/clang/14.0.1 -dependency-file CMakeFiles/cmTC_21bc1.dir/CMakeCXXCompilerABI.cpp.o.d -MT CMakeFiles/cmTC_21bc1.dir/CMakeCXXCompilerABI.cpp.o -sys-header-deps -D ANDROID -D _FORTIFY_SOURCE=2 -D NDEBUG -isysroot /home/chang/Android/Sdk/ndk/24.0.8215888/toolchains/llvm/prebuilt/linux-x86_64/sysroot -internal-isystem /home/chang/Android/Sdk/ndk/24.0.8215888/toolchains/llvm/prebuilt/linux-x86_64/sysroot/usr/include/c++/v1 -internal-isystem /home/chang/Android/Sdk/ndk/24.0.8215888/toolchains/llvm/prebuilt/linux-x86_64/lib64/clang/14.0.1/include -internal-isystem /home/chang/Android/Sdk/ndk/24.0.8215888/toolchains/llvm/prebuilt/linux-x86_64/sysroot/usr/local/include -internal-externc-isystem /home/chang/Android/Sdk/ndk/24.0.8215888/toolchains/llvm/prebuilt/linux-x86_64/sysroot/usr/include/i686-linux-android -internal-externc-isystem /home/chang/Android/Sdk/ndk/24.0.8215888/toolchains/llvm/prebuilt/linux-x86_64/sysroot/include -internal-externc-isystem /home/chang/Android/Sdk/ndk/24.0.8215888/toolchains/llvm/prebuilt/linux-x86_64/sysroot/usr/include -O2 -Wformat -fdeprecated-macro -fdebug-compilation-dir=/home/chang/bighard/AndroidStudioProjects/ncnn_Android_blazeface/ncnn_Android_mediapipe_blazeface/app/.cxx/RelWithDebInfo/4f3z1qx2/x86/CMakeFiles/CMakeTmp -ferror-limit 19 -stack-protector 2 -fgnuc-version=4.2.1 -fcxx-exceptions -fexceptions -vectorize-loops -vectorize-slp -D__GCC_HAVE_DWARF2_CFI_ASM=1 -o CMakeFiles/cmTC_21bc1.dir/CMakeCXXCompilerABI.cpp.o -x c++ /usr/share/cmake-3.23/Modules/CMakeCXXCompilerABI.cpp]
  ignore line: [clang -cc1 version 14.0.1 based upon LLVM 14.0.1git default target x86_64-unknown-linux-gnu]
  ignore line: [ignoring nonexistent directory "/home/chang/Android/Sdk/ndk/24.0.8215888/toolchains/llvm/prebuilt/linux-x86_64/sysroot/include"]
  ignore line: [#include "..." search starts here:]
  ignore line: [#include <...> search starts here:]
  ignore line: [ /home/chang/Android/Sdk/ndk/24.0.8215888/toolchains/llvm/prebuilt/linux-x86_64/sysroot/usr/include/c++/v1]
  ignore line: [ /home/chang/Android/Sdk/ndk/24.0.8215888/toolchains/llvm/prebuilt/linux-x86_64/lib64/clang/14.0.1/include]
  ignore line: [ /home/chang/Android/Sdk/ndk/24.0.8215888/toolchains/llvm/prebuilt/linux-x86_64/sysroot/usr/local/include]
  ignore line: [ /home/chang/Android/Sdk/ndk/24.0.8215888/toolchains/llvm/prebuilt/linux-x86_64/sysroot/usr/include/i686-linux-android]
  ignore line: [ /home/chang/Android/Sdk/ndk/24.0.8215888/toolchains/llvm/prebuilt/linux-x86_64/sysroot/usr/include]
  ignore line: [End of search list.]
  ignore line: [[2/2] Linking CXX executable cmTC_21bc1]
  ignore line: [Android (8075178  based on r437112b) clang version 14.0.1 (https://android.googlesource.com/toolchain/llvm-project 8671348b81b95fc603505dfc881b45103bee1731)]
  ignore line: [Target: i686-none-linux-android24]
  ignore line: [Thread model: posix]
  ignore line: [InstalledDir: /home/chang/Android/Sdk/ndk/24.0.8215888/toolchains/llvm/prebuilt/linux-x86_64/bin]
  link line: [ "/home/chang/Android/Sdk/ndk/24.0.8215888/toolchains/llvm/prebuilt/linux-x86_64/bin/ld" --sysroot=/home/chang/Android/Sdk/ndk/24.0.8215888/toolchains/llvm/prebuilt/linux-x86_64/sysroot -pie -z noexecstack --warn-shared-textrel -z now -z relro --hash-style=gnu --enable-new-dtags --eh-frame-hdr -m elf_i386 -dynamic-linker /system/bin/linker -o cmTC_21bc1 /home/chang/Android/Sdk/ndk/24.0.8215888/toolchains/llvm/prebuilt/linux-x86_64/sysroot/usr/lib/i686-linux-android/24/crtbegin_dynamic.o -L/home/chang/Android/Sdk/ndk/24.0.8215888/toolchains/llvm/prebuilt/linux-x86_64/lib64/clang/14.0.1/lib/linux/i386 -L/home/chang/Android/Sdk/ndk/24.0.8215888/toolchains/llvm/prebuilt/linux-x86_64/sysroot/usr/lib/i686-linux-android/24 -L/home/chang/Android/Sdk/ndk/24.0.8215888/toolchains/llvm/prebuilt/linux-x86_64/sysroot/usr/lib/i686-linux-android -L/home/chang/Android/Sdk/ndk/24.0.8215888/toolchains/llvm/prebuilt/linux-x86_64/sysroot/usr/lib --build-id=sha1 --no-rosegment --fatal-warnings --no-undefined --gc-sections CMakeFiles/cmTC_21bc1.dir/CMakeCXXCompilerABI.cpp.o -latomic -lm -Bstatic -lc++ -Bdynamic -lm /home/chang/Android/Sdk/ndk/24.0.8215888/toolchains/llvm/prebuilt/linux-x86_64/lib64/clang/14.0.1/lib/linux/libclang_rt.builtins-i686-android.a -l:libunwind.a -ldl -lc /home/chang/Android/Sdk/ndk/24.0.8215888/toolchains/llvm/prebuilt/linux-x86_64/lib64/clang/14.0.1/lib/linux/libclang_rt.builtins-i686-android.a -l:libunwind.a -ldl /home/chang/Android/Sdk/ndk/24.0.8215888/toolchains/llvm/prebuilt/linux-x86_64/sysroot/usr/lib/i686-linux-android/24/crtend_android.o]
    arg [/home/chang/Android/Sdk/ndk/24.0.8215888/toolchains/llvm/prebuilt/linux-x86_64/bin/ld] ==> ignore
    arg [--sysroot=/home/chang/Android/Sdk/ndk/24.0.8215888/toolchains/llvm/prebuilt/linux-x86_64/sysroot] ==> ignore
    arg [-pie] ==> ignore
    arg [-znoexecstack] ==> ignore
    arg [--warn-shared-textrel] ==> ignore
    arg [-znow] ==> ignore
    arg [-zrelro] ==> ignore
    arg [--hash-style=gnu] ==> ignore
    arg [--enable-new-dtags] ==> ignore
    arg [--eh-frame-hdr] ==> ignore
    arg [-m] ==> ignore
    arg [elf_i386] ==> ignore
    arg [-dynamic-linker] ==> ignore
    arg [/system/bin/linker] ==> ignore
    arg [-o] ==> ignore
    arg [cmTC_21bc1] ==> ignore
    arg [/home/chang/Android/Sdk/ndk/24.0.8215888/toolchains/llvm/prebuilt/linux-x86_64/sysroot/usr/lib/i686-linux-android/24/crtbegin_dynamic.o] ==> obj [/home/chang/Android/Sdk/ndk/24.0.8215888/toolchains/llvm/prebuilt/linux-x86_64/sysroot/usr/lib/i686-linux-android/24/crtbegin_dynamic.o]
    arg [-L/home/chang/Android/Sdk/ndk/24.0.8215888/toolchains/llvm/prebuilt/linux-x86_64/lib64/clang/14.0.1/lib/linux/i386] ==> dir [/home/chang/Android/Sdk/ndk/24.0.8215888/toolchains/llvm/prebuilt/linux-x86_64/lib64/clang/14.0.1/lib/linux/i386]
    arg [-L/home/chang/Android/Sdk/ndk/24.0.8215888/toolchains/llvm/prebuilt/linux-x86_64/sysroot/usr/lib/i686-linux-android/24] ==> dir [/home/chang/Android/Sdk/ndk/24.0.8215888/toolchains/llvm/prebuilt/linux-x86_64/sysroot/usr/lib/i686-linux-android/24]
    arg [-L/home/chang/Android/Sdk/ndk/24.0.8215888/toolchains/llvm/prebuilt/linux-x86_64/sysroot/usr/lib/i686-linux-android] ==> dir [/home/chang/Android/Sdk/ndk/24.0.8215888/toolchains/llvm/prebuilt/linux-x86_64/sysroot/usr/lib/i686-linux-android]
    arg [-L/home/chang/Android/Sdk/ndk/24.0.8215888/toolchains/llvm/prebuilt/linux-x86_64/sysroot/usr/lib] ==> dir [/home/chang/Android/Sdk/ndk/24.0.8215888/toolchains/llvm/prebuilt/linux-x86_64/sysroot/usr/lib]
    arg [--build-id=sha1] ==> ignore
    arg [--no-rosegment] ==> ignore
    arg [--fatal-warnings] ==> ignore
    arg [--no-undefined] ==> ignore
    arg [--gc-sections] ==> ignore
    arg [CMakeFiles/cmTC_21bc1.dir/CMakeCXXCompilerABI.cpp.o] ==> ignore
    arg [-latomic] ==> lib [atomic]
    arg [-lm] ==> lib [m]
    arg [-Bstatic] ==> search static
    arg [-lc++] ==> lib [c++]
    arg [-Bdynamic] ==> search dynamic
    arg [-lm] ==> lib [m]
    arg [/home/chang/Android/Sdk/ndk/24.0.8215888/toolchains/llvm/prebuilt/linux-x86_64/lib64/clang/14.0.1/lib/linux/libclang_rt.builtins-i686-android.a] ==> lib [/home/chang/Android/Sdk/ndk/24.0.8215888/toolchains/llvm/prebuilt/linux-x86_64/lib64/clang/14.0.1/lib/linux/libclang_rt.builtins-i686-android.a]
    arg [-l:libunwind.a] ==> lib [-l:libunwind.a]
    arg [-ldl] ==> lib [dl]
    arg [-lc] ==> lib [c]
    arg [/home/chang/Android/Sdk/ndk/24.0.8215888/toolchains/llvm/prebuilt/linux-x86_64/lib64/clang/14.0.1/lib/linux/libclang_rt.builtins-i686-android.a] ==> lib [/home/chang/Android/Sdk/ndk/24.0.8215888/toolchains/llvm/prebuilt/linux-x86_64/lib64/clang/14.0.1/lib/linux/libclang_rt.builtins-i686-android.a]
    arg [-l:libunwind.a] ==> lib [-l:libunwind.a]
    arg [-ldl] ==> lib [dl]
    arg [/home/chang/Android/Sdk/ndk/24.0.8215888/toolchains/llvm/prebuilt/linux-x86_64/sysroot/usr/lib/i686-linux-android/24/crtend_android.o] ==> obj [/home/chang/Android/Sdk/ndk/24.0.8215888/toolchains/llvm/prebuilt/linux-x86_64/sysroot/usr/lib/i686-linux-android/24/crtend_android.o]
  remove lib [/home/chang/Android/Sdk/ndk/24.0.8215888/toolchains/llvm/prebuilt/linux-x86_64/lib64/clang/14.0.1/lib/linux/libclang_rt.builtins-i686-android.a]
  remove lib [/home/chang/Android/Sdk/ndk/24.0.8215888/toolchains/llvm/prebuilt/linux-x86_64/lib64/clang/14.0.1/lib/linux/libclang_rt.builtins-i686-android.a]
  collapse library dir [/home/chang/Android/Sdk/ndk/24.0.8215888/toolchains/llvm/prebuilt/linux-x86_64/lib64/clang/14.0.1/lib/linux/i386] ==> [/home/chang/Android/Sdk/ndk/24.0.8215888/toolchains/llvm/prebuilt/linux-x86_64/lib64/clang/14.0.1/lib/linux/i386]
  collapse library dir [/home/chang/Android/Sdk/ndk/24.0.8215888/toolchains/llvm/prebuilt/linux-x86_64/sysroot/usr/lib/i686-linux-android/24] ==> [/home/chang/Android/Sdk/ndk/24.0.8215888/toolchains/llvm/prebuilt/linux-x86_64/sysroot/usr/lib/i686-linux-android/24]
  collapse library dir [/home/chang/Android/Sdk/ndk/24.0.8215888/toolchains/llvm/prebuilt/linux-x86_64/sysroot/usr/lib/i686-linux-android] ==> [/home/chang/Android/Sdk/ndk/24.0.8215888/toolchains/llvm/prebuilt/linux-x86_64/sysroot/usr/lib/i686-linux-android]
  collapse library dir [/home/chang/Android/Sdk/ndk/24.0.8215888/toolchains/llvm/prebuilt/linux-x86_64/sysroot/usr/lib] ==> [/home/chang/Android/Sdk/ndk/24.0.8215888/toolchains/llvm/prebuilt/linux-x86_64/sysroot/usr/lib]
  implicit libs: [atomic;m;c++;m;-l:libunwind.a;dl;c;-l:libunwind.a;dl]
  implicit objs: [/home/chang/Android/Sdk/ndk/24.0.8215888/toolchains/llvm/prebuilt/linux-x86_64/sysroot/usr/lib/i686-linux-android/24/crtbegin_dynamic.o;/home/chang/Android/Sdk/ndk/24.0.8215888/toolchains/llvm/prebuilt/linux-x86_64/sysroot/usr/lib/i686-linux-android/24/crtend_android.o]
  implicit dirs: [/home/chang/Android/Sdk/ndk/24.0.8215888/toolchains/llvm/prebuilt/linux-x86_64/lib64/clang/14.0.1/lib/linux/i386;/home/chang/Android/Sdk/ndk/24.0.8215888/toolchains/llvm/prebuilt/linux-x86_64/sysroot/usr/lib/i686-linux-android/24;/home/chang/Android/Sdk/ndk/24.0.8215888/toolchains/llvm/prebuilt/linux-x86_64/sysroot/usr/lib/i686-linux-android;/home/chang/Android/Sdk/ndk/24.0.8215888/toolchains/llvm/prebuilt/linux-x86_64/sysroot/usr/lib]
  implicit fwks: []


Detecting C OpenMP compiler ABI info compiled with the following output:
Change Dir: /home/chang/bighard/AndroidStudioProjects/ncnn_Android_blazeface/ncnn_Android_mediapipe_blazeface/app/.cxx/RelWithDebInfo/4f3z1qx2/x86/CMakeFiles/CMakeTmp

Run Build Command(s):/home/chang/Android/Sdk/cmake/3.18.1/bin/ninja cmTC_5f864 && [1/2] Building C object CMakeFiles/cmTC_5f864.dir/OpenMPTryFlag.c.o
Android (8075178, based on r437112b) clang version 14.0.1 (https://android.googlesource.com/toolchain/llvm-project 8671348b81b95fc603505dfc881b45103bee1731)
Target: i686-none-linux-android24
Thread model: posix
InstalledDir: /home/chang/Android/Sdk/ndk/24.0.8215888/toolchains/llvm/prebuilt/linux-x86_64/bin
 (in-process)
 "/home/chang/Android/Sdk/ndk/24.0.8215888/toolchains/llvm/prebuilt/linux-x86_64/bin/clang" -cc1 -triple i686-none-linux-android24 -emit-obj --mrelax-relocations -mnoexecstack -disable-free -disable-llvm-verifier -discard-value-names -main-file-name OpenMPTryFlag.c -mrelocation-model pic -pic-level 2 -pic-is-pie -mframe-pointer=none -fno-rounding-math -mconstructor-aliases -munwind-tables -target-cpu i686 -target-feature +ssse3 -tune-cpu generic -debug-info-kind=constructor -dwarf-version=4 -debugger-tuning=gdb -v -ffunction-sections -fdata-sections -fcoverage-compilation-dir=/home/chang/bighard/AndroidStudioProjects/ncnn_Android_blazeface/ncnn_Android_mediapipe_blazeface/app/.cxx/RelWithDebInfo/4f3z1qx2/x86/CMakeFiles/CMakeTmp -resource-dir /home/chang/Android/Sdk/ndk/24.0.8215888/toolchains/llvm/prebuilt/linux-x86_64/lib64/clang/14.0.1 -dependency-file CMakeFiles/cmTC_5f864.dir/OpenMPTryFlag.c.o.d -MT CMakeFiles/cmTC_5f864.dir/OpenMPTryFlag.c.o -sys-header-deps -D ANDROID -D _FORTIFY_SOURCE=2 -D NDEBUG -isysroot /home/chang/Android/Sdk/ndk/24.0.8215888/toolchains/llvm/prebuilt/linux-x86_64/sysroot -internal-isystem /home/chang/Android/Sdk/ndk/24.0.8215888/toolchains/llvm/prebuilt/linux-x86_64/lib64/clang/14.0.1/include -internal-isystem /home/chang/Android/Sdk/ndk/24.0.8215888/toolchains/llvm/prebuilt/linux-x86_64/sysroot/usr/local/include -internal-externc-isystem /home/chang/Android/Sdk/ndk/24.0.8215888/toolchains/llvm/prebuilt/linux-x86_64/sysroot/usr/include/i686-linux-android -internal-externc-isystem /home/chang/Android/Sdk/ndk/24.0.8215888/toolchains/llvm/prebuilt/linux-x86_64/sysroot/include -internal-externc-isystem /home/chang/Android/Sdk/ndk/24.0.8215888/toolchains/llvm/prebuilt/linux-x86_64/sysroot/usr/include -O2 -Wformat -Werror=format-security -fdebug-compilation-dir=/home/chang/bighard/AndroidStudioProjects/ncnn_Android_blazeface/ncnn_Android_mediapipe_blazeface/app/.cxx/RelWithDebInfo/4f3z1qx2/x86/CMakeFiles/CMakeTmp -ferror-limit 19 -fopenmp -stack-protector 2 -fgnuc-version=4.2.1 -fexceptions -vectorize-loops -vectorize-slp -D__GCC_HAVE_DWARF2_CFI_ASM=1 -o CMakeFiles/cmTC_5f864.dir/OpenMPTryFlag.c.o -x c /home/chang/bighard/AndroidStudioProjects/ncnn_Android_blazeface/ncnn_Android_mediapipe_blazeface/app/.cxx/RelWithDebInfo/4f3z1qx2/x86/CMakeFiles/FindOpenMP/OpenMPTryFlag.c
clang -cc1 version 14.0.1 based upon LLVM 14.0.1git default target x86_64-unknown-linux-gnu
ignoring nonexistent directory "/home/chang/Android/Sdk/ndk/24.0.8215888/toolchains/llvm/prebuilt/linux-x86_64/sysroot/include"
#include "..." search starts here:
#include <...> search starts here:
 /home/chang/Android/Sdk/ndk/24.0.8215888/toolchains/llvm/prebuilt/linux-x86_64/lib64/clang/14.0.1/include
 /home/chang/Android/Sdk/ndk/24.0.8215888/toolchains/llvm/prebuilt/linux-x86_64/sysroot/usr/local/include
 /home/chang/Android/Sdk/ndk/24.0.8215888/toolchains/llvm/prebuilt/linux-x86_64/sysroot/usr/include/i686-linux-android
 /home/chang/Android/Sdk/ndk/24.0.8215888/toolchains/llvm/prebuilt/linux-x86_64/sysroot/usr/include
End of search list.
[2/2] Linking C executable cmTC_5f864
Android (8075178, based on r437112b) clang version 14.0.1 (https://android.googlesource.com/toolchain/llvm-project 8671348b81b95fc603505dfc881b45103bee1731)
Target: i686-none-linux-android24
Thread model: posix
InstalledDir: /home/chang/Android/Sdk/ndk/24.0.8215888/toolchains/llvm/prebuilt/linux-x86_64/bin
 "/home/chang/Android/Sdk/ndk/24.0.8215888/toolchains/llvm/prebuilt/linux-x86_64/bin/ld" --sysroot=/home/chang/Android/Sdk/ndk/24.0.8215888/toolchains/llvm/prebuilt/linux-x86_64/sysroot -pie -z noexecstack --warn-shared-textrel -z now -z relro --hash-style=gnu --enable-new-dtags --eh-frame-hdr -m elf_i386 -dynamic-linker /system/bin/linker -o cmTC_5f864 /home/chang/Android/Sdk/ndk/24.0.8215888/toolchains/llvm/prebuilt/linux-x86_64/sysroot/usr/lib/i686-linux-android/24/crtbegin_dynamic.o -L/home/chang/Android/Sdk/ndk/24.0.8215888/toolchains/llvm/prebuilt/linux-x86_64/lib64/clang/14.0.1/lib/linux/i386 -L/home/chang/Android/Sdk/ndk/24.0.8215888/toolchains/llvm/prebuilt/linux-x86_64/sysroot/usr/lib/i686-linux-android/24 -L/home/chang/Android/Sdk/ndk/24.0.8215888/toolchains/llvm/prebuilt/linux-x86_64/sysroot/usr/lib/i686-linux-android -L/home/chang/Android/Sdk/ndk/24.0.8215888/toolchains/llvm/prebuilt/linux-x86_64/sysroot/usr/lib --build-id=sha1 --no-rosegment --fatal-warnings --no-undefined --gc-sections CMakeFiles/cmTC_5f864.dir/OpenMPTryFlag.c.o -latomic -lm -lomp /home/chang/Android/Sdk/ndk/24.0.8215888/toolchains/llvm/prebuilt/linux-x86_64/lib64/clang/14.0.1/lib/linux/libclang_rt.builtins-i686-android.a -l:libunwind.a -ldl -lc /home/chang/Android/Sdk/ndk/24.0.8215888/toolchains/llvm/prebuilt/linux-x86_64/lib64/clang/14.0.1/lib/linux/libclang_rt.builtins-i686-android.a -l:libunwind.a -ldl /home/chang/Android/Sdk/ndk/24.0.8215888/toolchains/llvm/prebuilt/linux-x86_64/sysroot/usr/lib/i686-linux-android/24/crtend_android.o



Parsed C OpenMP implicit link information from above output:
  link line regex: [^( *|.*[/\])(ld\.lld|CMAKE_LINK_STARTFILE-NOTFOUND|([^/\]+-)?ld|collect2)[^/\]*( |$)]
  ignore line: [Change Dir: /home/chang/bighard/AndroidStudioProjects/ncnn_Android_blazeface/ncnn_Android_mediapipe_blazeface/app/.cxx/RelWithDebInfo/4f3z1qx2/x86/CMakeFiles/CMakeTmp]
  ignore line: []
  ignore line: [Run Build Command(s):/home/chang/Android/Sdk/cmake/3.18.1/bin/ninja cmTC_5f864 && [1/2] Building C object CMakeFiles/cmTC_5f864.dir/OpenMPTryFlag.c.o]
  ignore line: [Android (8075178  based on r437112b) clang version 14.0.1 (https://android.googlesource.com/toolchain/llvm-project 8671348b81b95fc603505dfc881b45103bee1731)]
  ignore line: [Target: i686-none-linux-android24]
  ignore line: [Thread model: posix]
  ignore line: [InstalledDir: /home/chang/Android/Sdk/ndk/24.0.8215888/toolchains/llvm/prebuilt/linux-x86_64/bin]
  ignore line: [ (in-process)]
  ignore line: [ "/home/chang/Android/Sdk/ndk/24.0.8215888/toolchains/llvm/prebuilt/linux-x86_64/bin/clang" -cc1 -triple i686-none-linux-android24 -emit-obj --mrelax-relocations -mnoexecstack -disable-free -disable-llvm-verifier -discard-value-names -main-file-name OpenMPTryFlag.c -mrelocation-model pic -pic-level 2 -pic-is-pie -mframe-pointer=none -fno-rounding-math -mconstructor-aliases -munwind-tables -target-cpu i686 -target-feature +ssse3 -tune-cpu generic -debug-info-kind=constructor -dwarf-version=4 -debugger-tuning=gdb -v -ffunction-sections -fdata-sections -fcoverage-compilation-dir=/home/chang/bighard/AndroidStudioProjects/ncnn_Android_blazeface/ncnn_Android_mediapipe_blazeface/app/.cxx/RelWithDebInfo/4f3z1qx2/x86/CMakeFiles/CMakeTmp -resource-dir /home/chang/Android/Sdk/ndk/24.0.8215888/toolchains/llvm/prebuilt/linux-x86_64/lib64/clang/14.0.1 -dependency-file CMakeFiles/cmTC_5f864.dir/OpenMPTryFlag.c.o.d -MT CMakeFiles/cmTC_5f864.dir/OpenMPTryFlag.c.o -sys-header-deps -D ANDROID -D _FORTIFY_SOURCE=2 -D NDEBUG -isysroot /home/chang/Android/Sdk/ndk/24.0.8215888/toolchains/llvm/prebuilt/linux-x86_64/sysroot -internal-isystem /home/chang/Android/Sdk/ndk/24.0.8215888/toolchains/llvm/prebuilt/linux-x86_64/lib64/clang/14.0.1/include -internal-isystem /home/chang/Android/Sdk/ndk/24.0.8215888/toolchains/llvm/prebuilt/linux-x86_64/sysroot/usr/local/include -internal-externc-isystem /home/chang/Android/Sdk/ndk/24.0.8215888/toolchains/llvm/prebuilt/linux-x86_64/sysroot/usr/include/i686-linux-android -internal-externc-isystem /home/chang/Android/Sdk/ndk/24.0.8215888/toolchains/llvm/prebuilt/linux-x86_64/sysroot/include -internal-externc-isystem /home/chang/Android/Sdk/ndk/24.0.8215888/toolchains/llvm/prebuilt/linux-x86_64/sysroot/usr/include -O2 -Wformat -Werror=format-security -fdebug-compilation-dir=/home/chang/bighard/AndroidStudioProjects/ncnn_Android_blazeface/ncnn_Android_mediapipe_blazeface/app/.cxx/RelWithDebInfo/4f3z1qx2/x86/CMakeFiles/CMakeTmp -ferror-limit 19 -fopenmp -stack-protector 2 -fgnuc-version=4.2.1 -fexceptions -vectorize-loops -vectorize-slp -D__GCC_HAVE_DWARF2_CFI_ASM=1 -o CMakeFiles/cmTC_5f864.dir/OpenMPTryFlag.c.o -x c /home/chang/bighard/AndroidStudioProjects/ncnn_Android_blazeface/ncnn_Android_mediapipe_blazeface/app/.cxx/RelWithDebInfo/4f3z1qx2/x86/CMakeFiles/FindOpenMP/OpenMPTryFlag.c]
  ignore line: [clang -cc1 version 14.0.1 based upon LLVM 14.0.1git default target x86_64-unknown-linux-gnu]
  ignore line: [ignoring nonexistent directory "/home/chang/Android/Sdk/ndk/24.0.8215888/toolchains/llvm/prebuilt/linux-x86_64/sysroot/include"]
  ignore line: [#include "..." search starts here:]
  ignore line: [#include <...> search starts here:]
  ignore line: [ /home/chang/Android/Sdk/ndk/24.0.8215888/toolchains/llvm/prebuilt/linux-x86_64/lib64/clang/14.0.1/include]
  ignore line: [ /home/chang/Android/Sdk/ndk/24.0.8215888/toolchains/llvm/prebuilt/linux-x86_64/sysroot/usr/local/include]
  ignore line: [ /home/chang/Android/Sdk/ndk/24.0.8215888/toolchains/llvm/prebuilt/linux-x86_64/sysroot/usr/include/i686-linux-android]
  ignore line: [ /home/chang/Android/Sdk/ndk/24.0.8215888/toolchains/llvm/prebuilt/linux-x86_64/sysroot/usr/include]
  ignore line: [End of search list.]
  ignore line: [[2/2] Linking C executable cmTC_5f864]
  ignore line: [Android (8075178  based on r437112b) clang version 14.0.1 (https://android.googlesource.com/toolchain/llvm-project 8671348b81b95fc603505dfc881b45103bee1731)]
  ignore line: [Target: i686-none-linux-android24]
  ignore line: [Thread model: posix]
  ignore line: [InstalledDir: /home/chang/Android/Sdk/ndk/24.0.8215888/toolchains/llvm/prebuilt/linux-x86_64/bin]
  link line: [ "/home/chang/Android/Sdk/ndk/24.0.8215888/toolchains/llvm/prebuilt/linux-x86_64/bin/ld" --sysroot=/home/chang/Android/Sdk/ndk/24.0.8215888/toolchains/llvm/prebuilt/linux-x86_64/sysroot -pie -z noexecstack --warn-shared-textrel -z now -z relro --hash-style=gnu --enable-new-dtags --eh-frame-hdr -m elf_i386 -dynamic-linker /system/bin/linker -o cmTC_5f864 /home/chang/Android/Sdk/ndk/24.0.8215888/toolchains/llvm/prebuilt/linux-x86_64/sysroot/usr/lib/i686-linux-android/24/crtbegin_dynamic.o -L/home/chang/Android/Sdk/ndk/24.0.8215888/toolchains/llvm/prebuilt/linux-x86_64/lib64/clang/14.0.1/lib/linux/i386 -L/home/chang/Android/Sdk/ndk/24.0.8215888/toolchains/llvm/prebuilt/linux-x86_64/sysroot/usr/lib/i686-linux-android/24 -L/home/chang/Android/Sdk/ndk/24.0.8215888/toolchains/llvm/prebuilt/linux-x86_64/sysroot/usr/lib/i686-linux-android -L/home/chang/Android/Sdk/ndk/24.0.8215888/toolchains/llvm/prebuilt/linux-x86_64/sysroot/usr/lib --build-id=sha1 --no-rosegment --fatal-warnings --no-undefined --gc-sections CMakeFiles/cmTC_5f864.dir/OpenMPTryFlag.c.o -latomic -lm -lomp /home/chang/Android/Sdk/ndk/24.0.8215888/toolchains/llvm/prebuilt/linux-x86_64/lib64/clang/14.0.1/lib/linux/libclang_rt.builtins-i686-android.a -l:libunwind.a -ldl -lc /home/chang/Android/Sdk/ndk/24.0.8215888/toolchains/llvm/prebuilt/linux-x86_64/lib64/clang/14.0.1/lib/linux/libclang_rt.builtins-i686-android.a -l:libunwind.a -ldl /home/chang/Android/Sdk/ndk/24.0.8215888/toolchains/llvm/prebuilt/linux-x86_64/sysroot/usr/lib/i686-linux-android/24/crtend_android.o]
    arg [/home/chang/Android/Sdk/ndk/24.0.8215888/toolchains/llvm/prebuilt/linux-x86_64/bin/ld] ==> ignore
    arg [--sysroot=/home/chang/Android/Sdk/ndk/24.0.8215888/toolchains/llvm/prebuilt/linux-x86_64/sysroot] ==> ignore
    arg [-pie] ==> ignore
    arg [-znoexecstack] ==> ignore
    arg [--warn-shared-textrel] ==> ignore
    arg [-znow] ==> ignore
    arg [-zrelro] ==> ignore
    arg [--hash-style=gnu] ==> ignore
    arg [--enable-new-dtags] ==> ignore
    arg [--eh-frame-hdr] ==> ignore
    arg [-m] ==> ignore
    arg [elf_i386] ==> ignore
    arg [-dynamic-linker] ==> ignore
    arg [/system/bin/linker] ==> ignore
    arg [-o] ==> ignore
    arg [cmTC_5f864] ==> ignore
    arg [-L/home/chang/Android/Sdk/ndk/24.0.8215888/toolchains/llvm/prebuilt/linux-x86_64/lib64/clang/14.0.1/lib/linux/i386] ==> dir [/home/chang/Android/Sdk/ndk/24.0.8215888/toolchains/llvm/prebuilt/linux-x86_64/lib64/clang/14.0.1/lib/linux/i386]
    arg [-L/home/chang/Android/Sdk/ndk/24.0.8215888/toolchains/llvm/prebuilt/linux-x86_64/sysroot/usr/lib/i686-linux-android/24] ==> dir [/home/chang/Android/Sdk/ndk/24.0.8215888/toolchains/llvm/prebuilt/linux-x86_64/sysroot/usr/lib/i686-linux-android/24]
    arg [-L/home/chang/Android/Sdk/ndk/24.0.8215888/toolchains/llvm/prebuilt/linux-x86_64/sysroot/usr/lib/i686-linux-android] ==> dir [/home/chang/Android/Sdk/ndk/24.0.8215888/toolchains/llvm/prebuilt/linux-x86_64/sysroot/usr/lib/i686-linux-android]
    arg [-L/home/chang/Android/Sdk/ndk/24.0.8215888/toolchains/llvm/prebuilt/linux-x86_64/sysroot/usr/lib] ==> dir [/home/chang/Android/Sdk/ndk/24.0.8215888/toolchains/llvm/prebuilt/linux-x86_64/sysroot/usr/lib]
    arg [--build-id=sha1] ==> ignore
    arg [--no-rosegment] ==> ignore
    arg [--fatal-warnings] ==> ignore
    arg [--no-undefined] ==> ignore
    arg [--gc-sections] ==> ignore
    arg [CMakeFiles/cmTC_5f864.dir/OpenMPTryFlag.c.o] ==> ignore
    arg [-latomic] ==> lib [atomic]
    arg [-lm] ==> lib [m]
    arg [-lomp] ==> lib [omp]
    arg [/home/chang/Android/Sdk/ndk/24.0.8215888/toolchains/llvm/prebuilt/linux-x86_64/lib64/clang/14.0.1/lib/linux/libclang_rt.builtins-i686-android.a] ==> lib [/home/chang/Android/Sdk/ndk/24.0.8215888/toolchains/llvm/prebuilt/linux-x86_64/lib64/clang/14.0.1/lib/linux/libclang_rt.builtins-i686-android.a]
    arg [-l:libunwind.a] ==> lib [-l:libunwind.a]
    arg [-ldl] ==> lib [dl]
    arg [-lc] ==> lib [c]
    arg [/home/chang/Android/Sdk/ndk/24.0.8215888/toolchains/llvm/prebuilt/linux-x86_64/lib64/clang/14.0.1/lib/linux/libclang_rt.builtins-i686-android.a] ==> lib [/home/chang/Android/Sdk/ndk/24.0.8215888/toolchains/llvm/prebuilt/linux-x86_64/lib64/clang/14.0.1/lib/linux/libclang_rt.builtins-i686-android.a]
    arg [-l:libunwind.a] ==> lib [-l:libunwind.a]
    arg [-ldl] ==> lib [dl]
  remove lib [/home/chang/Android/Sdk/ndk/24.0.8215888/toolchains/llvm/prebuilt/linux-x86_64/lib64/clang/14.0.1/lib/linux/libclang_rt.builtins-i686-android.a]
  remove lib [/home/chang/Android/Sdk/ndk/24.0.8215888/toolchains/llvm/prebuilt/linux-x86_64/lib64/clang/14.0.1/lib/linux/libclang_rt.builtins-i686-android.a]
  collapse library dir [/home/chang/Android/Sdk/ndk/24.0.8215888/toolchains/llvm/prebuilt/linux-x86_64/lib64/clang/14.0.1/lib/linux/i386] ==> [/home/chang/Android/Sdk/ndk/24.0.8215888/toolchains/llvm/prebuilt/linux-x86_64/lib64/clang/14.0.1/lib/linux/i386]
  collapse library dir [/home/chang/Android/Sdk/ndk/24.0.8215888/toolchains/llvm/prebuilt/linux-x86_64/sysroot/usr/lib/i686-linux-android/24] ==> [/home/chang/Android/Sdk/ndk/24.0.8215888/toolchains/llvm/prebuilt/linux-x86_64/sysroot/usr/lib/i686-linux-android/24]
  collapse library dir [/home/chang/Android/Sdk/ndk/24.0.8215888/toolchains/llvm/prebuilt/linux-x86_64/sysroot/usr/lib/i686-linux-android] ==> [/home/chang/Android/Sdk/ndk/24.0.8215888/toolchains/llvm/prebuilt/linux-x86_64/sysroot/usr/lib/i686-linux-android]
  collapse library dir [/home/chang/Android/Sdk/ndk/24.0.8215888/toolchains/llvm/prebuilt/linux-x86_64/sysroot/usr/lib] ==> [/home/chang/Android/Sdk/ndk/24.0.8215888/toolchains/llvm/prebuilt/linux-x86_64/sysroot/usr/lib]
  implicit libs: [atomic;m;omp;-l:libunwind.a;dl;c;-l:libunwind.a;dl]
  implicit objs: []
  implicit dirs: [/home/chang/Android/Sdk/ndk/24.0.8215888/toolchains/llvm/prebuilt/linux-x86_64/lib64/clang/14.0.1/lib/linux/i386;/home/chang/Android/Sdk/ndk/24.0.8215888/toolchains/llvm/prebuilt/linux-x86_64/sysroot/usr/lib/i686-linux-android/24;/home/chang/Android/Sdk/ndk/24.0.8215888/toolchains/llvm/prebuilt/linux-x86_64/sysroot/usr/lib/i686-linux-android;/home/chang/Android/Sdk/ndk/24.0.8215888/toolchains/llvm/prebuilt/linux-x86_64/sysroot/usr/lib]
  implicit fwks: []


Detecting CXX OpenMP compiler ABI info compiled with the following output:
Change Dir: /home/chang/bighard/AndroidStudioProjects/ncnn_Android_blazeface/ncnn_Android_mediapipe_blazeface/app/.cxx/RelWithDebInfo/4f3z1qx2/x86/CMakeFiles/CMakeTmp

Run Build Command(s):/home/chang/Android/Sdk/cmake/3.18.1/bin/ninja cmTC_aac30 && [1/2] Building CXX object CMakeFiles/cmTC_aac30.dir/OpenMPTryFlag.cpp.o
Android (8075178, based on r437112b) clang version 14.0.1 (https://android.googlesource.com/toolchain/llvm-project 8671348b81b95fc603505dfc881b45103bee1731)
Target: i686-none-linux-android24
Thread model: posix
InstalledDir: /home/chang/Android/Sdk/ndk/24.0.8215888/toolchains/llvm/prebuilt/linux-x86_64/bin
 (in-process)
 "/home/chang/Android/Sdk/ndk/24.0.8215888/toolchains/llvm/prebuilt/linux-x86_64/bin/clang++" -cc1 -triple i686-none-linux-android24 -emit-obj --mrelax-relocations -mnoexecstack -disable-free -disable-llvm-verifier -discard-value-names -main-file-name OpenMPTryFlag.cpp -mrelocation-model pic -pic-level 2 -pic-is-pie -mframe-pointer=none -fno-rounding-math -mconstructor-aliases -munwind-tables -target-cpu i686 -target-feature +ssse3 -tune-cpu generic -debug-info-kind=constructor -dwarf-version=4 -debugger-tuning=gdb -v -ffunction-sections -fdata-sections -fcoverage-compilation-dir=/home/chang/bighard/AndroidStudioProjects/ncnn_Android_blazeface/ncnn_Android_mediapipe_blazeface/app/.cxx/RelWithDebInfo/4f3z1qx2/x86/CMakeFiles/CMakeTmp -resource-dir /home/chang/Android/Sdk/ndk/24.0.8215888/toolchains/llvm/prebuilt/linux-x86_64/lib64/clang/14.0.1 -dependency-file CMakeFiles/cmTC_aac30.dir/OpenMPTryFlag.cpp.o.d -MT CMakeFiles/cmTC_aac30.dir/OpenMPTryFlag.cpp.o -sys-header-deps -D ANDROID -D _FORTIFY_SOURCE=2 -D NDEBUG -isysroot /home/chang/Android/Sdk/ndk/24.0.8215888/toolchains/llvm/prebuilt/linux-x86_64/sysroot -internal-isystem /home/chang/Android/Sdk/ndk/24.0.8215888/toolchains/llvm/prebuilt/linux-x86_64/sysroot/usr/include/c++/v1 -internal-isystem /home/chang/Android/Sdk/ndk/24.0.8215888/toolchains/llvm/prebuilt/linux-x86_64/lib64/clang/14.0.1/include -internal-isystem /home/chang/Android/Sdk/ndk/24.0.8215888/toolchains/llvm/prebuilt/linux-x86_64/sysroot/usr/local/include -internal-externc-isystem /home/chang/Android/Sdk/ndk/24.0.8215888/toolchains/llvm/prebuilt/linux-x86_64/sysroot/usr/include/i686-linux-android -internal-externc-isystem /home/chang/Android/Sdk/ndk/24.0.8215888/toolchains/llvm/prebuilt/linux-x86_64/sysroot/include -internal-externc-isystem /home/chang/Android/Sdk/ndk/24.0.8215888/toolchains/llvm/prebuilt/linux-x86_64/sysroot/usr/include -O2 -Wformat -Werror=format-security -fdeprecated-macro -fdebug-compilation-dir=/home/chang/bighard/AndroidStudioProjects/ncnn_Android_blazeface/ncnn_Android_mediapipe_blazeface/app/.cxx/RelWithDebInfo/4f3z1qx2/x86/CMakeFiles/CMakeTmp -ferror-limit 19 -fopenmp -stack-protector 2 -fgnuc-version=4.2.1 -fcxx-exceptions -fexceptions -vectorize-loops -vectorize-slp -D__GCC_HAVE_DWARF2_CFI_ASM=1 -o CMakeFiles/cmTC_aac30.dir/OpenMPTryFlag.cpp.o -x c++ /home/chang/bighard/AndroidStudioProjects/ncnn_Android_blazeface/ncnn_Android_mediapipe_blazeface/app/.cxx/RelWithDebInfo/4f3z1qx2/x86/CMakeFiles/FindOpenMP/OpenMPTryFlag.cpp
clang -cc1 version 14.0.1 based upon LLVM 14.0.1git default target x86_64-unknown-linux-gnu
ignoring nonexistent directory "/home/chang/Android/Sdk/ndk/24.0.8215888/toolchains/llvm/prebuilt/linux-x86_64/sysroot/include"
#include "..." search starts here:
#include <...> search starts here:
 /home/chang/Android/Sdk/ndk/24.0.8215888/toolchains/llvm/prebuilt/linux-x86_64/sysroot/usr/include/c++/v1
 /home/chang/Android/Sdk/ndk/24.0.8215888/toolchains/llvm/prebuilt/linux-x86_64/lib64/clang/14.0.1/include
 /home/chang/Android/Sdk/ndk/24.0.8215888/toolchains/llvm/prebuilt/linux-x86_64/sysroot/usr/local/include
 /home/chang/Android/Sdk/ndk/24.0.8215888/toolchains/llvm/prebuilt/linux-x86_64/sysroot/usr/include/i686-linux-android
 /home/chang/Android/Sdk/ndk/24.0.8215888/toolchains/llvm/prebuilt/linux-x86_64/sysroot/usr/include
End of search list.
[2/2] Linking CXX executable cmTC_aac30
Android (8075178, based on r437112b) clang version 14.0.1 (https://android.googlesource.com/toolchain/llvm-project 8671348b81b95fc603505dfc881b45103bee1731)
Target: i686-none-linux-android24
Thread model: posix
InstalledDir: /home/chang/Android/Sdk/ndk/24.0.8215888/toolchains/llvm/prebuilt/linux-x86_64/bin
 "/home/chang/Android/Sdk/ndk/24.0.8215888/toolchains/llvm/prebuilt/linux-x86_64/bin/ld" --sysroot=/home/chang/Android/Sdk/ndk/24.0.8215888/toolchains/llvm/prebuilt/linux-x86_64/sysroot -pie -z noexecstack --warn-shared-textrel -z now -z relro --hash-style=gnu --enable-new-dtags --eh-frame-hdr -m elf_i386 -dynamic-linker /system/bin/linker -o cmTC_aac30 /home/chang/Android/Sdk/ndk/24.0.8215888/toolchains/llvm/prebuilt/linux-x86_64/sysroot/usr/lib/i686-linux-android/24/crtbegin_dynamic.o -L/home/chang/Android/Sdk/ndk/24.0.8215888/toolchains/llvm/prebuilt/linux-x86_64/lib64/clang/14.0.1/lib/linux/i386 -L/home/chang/Android/Sdk/ndk/24.0.8215888/toolchains/llvm/prebuilt/linux-x86_64/sysroot/usr/lib/i686-linux-android/24 -L/home/chang/Android/Sdk/ndk/24.0.8215888/toolchains/llvm/prebuilt/linux-x86_64/sysroot/usr/lib/i686-linux-android -L/home/chang/Android/Sdk/ndk/24.0.8215888/toolchains/llvm/prebuilt/linux-x86_64/sysroot/usr/lib --build-id=sha1 --no-rosegment --fatal-warnings --no-undefined --gc-sections CMakeFiles/cmTC_aac30.dir/OpenMPTryFlag.cpp.o -latomic -lm -Bstatic -lc++ -Bdynamic -lm -lomp /home/chang/Android/Sdk/ndk/24.0.8215888/toolchains/llvm/prebuilt/linux-x86_64/lib64/clang/14.0.1/lib/linux/libclang_rt.builtins-i686-android.a -l:libunwind.a -ldl -lc /home/chang/Android/Sdk/ndk/24.0.8215888/toolchains/llvm/prebuilt/linux-x86_64/lib64/clang/14.0.1/lib/linux/libclang_rt.builtins-i686-android.a -l:libunwind.a -ldl /home/chang/Android/Sdk/ndk/24.0.8215888/toolchains/llvm/prebuilt/linux-x86_64/sysroot/usr/lib/i686-linux-android/24/crtend_android.o



Parsed CXX OpenMP implicit link information from above output:
  link line regex: [^( *|.*[/\])(ld\.lld|CMAKE_LINK_STARTFILE-NOTFOUND|([^/\]+-)?ld|collect2)[^/\]*( |$)]
  ignore line: [Change Dir: /home/chang/bighard/AndroidStudioProjects/ncnn_Android_blazeface/ncnn_Android_mediapipe_blazeface/app/.cxx/RelWithDebInfo/4f3z1qx2/x86/CMakeFiles/CMakeTmp]
  ignore line: []
  ignore line: [Run Build Command(s):/home/chang/Android/Sdk/cmake/3.18.1/bin/ninja cmTC_aac30 && [1/2] Building CXX object CMakeFiles/cmTC_aac30.dir/OpenMPTryFlag.cpp.o]
  ignore line: [Android (8075178  based on r437112b) clang version 14.0.1 (https://android.googlesource.com/toolchain/llvm-project 8671348b81b95fc603505dfc881b45103bee1731)]
  ignore line: [Target: i686-none-linux-android24]
  ignore line: [Thread model: posix]
  ignore line: [InstalledDir: /home/chang/Android/Sdk/ndk/24.0.8215888/toolchains/llvm/prebuilt/linux-x86_64/bin]
  ignore line: [ (in-process)]
  ignore line: [ "/home/chang/Android/Sdk/ndk/24.0.8215888/toolchains/llvm/prebuilt/linux-x86_64/bin/clang++" -cc1 -triple i686-none-linux-android24 -emit-obj --mrelax-relocations -mnoexecstack -disable-free -disable-llvm-verifier -discard-value-names -main-file-name OpenMPTryFlag.cpp -mrelocation-model pic -pic-level 2 -pic-is-pie -mframe-pointer=none -fno-rounding-math -mconstructor-aliases -munwind-tables -target-cpu i686 -target-feature +ssse3 -tune-cpu generic -debug-info-kind=constructor -dwarf-version=4 -debugger-tuning=gdb -v -ffunction-sections -fdata-sections -fcoverage-compilation-dir=/home/chang/bighard/AndroidStudioProjects/ncnn_Android_blazeface/ncnn_Android_mediapipe_blazeface/app/.cxx/RelWithDebInfo/4f3z1qx2/x86/CMakeFiles/CMakeTmp -resource-dir /home/chang/Android/Sdk/ndk/24.0.8215888/toolchains/llvm/prebuilt/linux-x86_64/lib64/clang/14.0.1 -dependency-file CMakeFiles/cmTC_aac30.dir/OpenMPTryFlag.cpp.o.d -MT CMakeFiles/cmTC_aac30.dir/OpenMPTryFlag.cpp.o -sys-header-deps -D ANDROID -D _FORTIFY_SOURCE=2 -D NDEBUG -isysroot /home/chang/Android/Sdk/ndk/24.0.8215888/toolchains/llvm/prebuilt/linux-x86_64/sysroot -internal-isystem /home/chang/Android/Sdk/ndk/24.0.8215888/toolchains/llvm/prebuilt/linux-x86_64/sysroot/usr/include/c++/v1 -internal-isystem /home/chang/Android/Sdk/ndk/24.0.8215888/toolchains/llvm/prebuilt/linux-x86_64/lib64/clang/14.0.1/include -internal-isystem /home/chang/Android/Sdk/ndk/24.0.8215888/toolchains/llvm/prebuilt/linux-x86_64/sysroot/usr/local/include -internal-externc-isystem /home/chang/Android/Sdk/ndk/24.0.8215888/toolchains/llvm/prebuilt/linux-x86_64/sysroot/usr/include/i686-linux-android -internal-externc-isystem /home/chang/Android/Sdk/ndk/24.0.8215888/toolchains/llvm/prebuilt/linux-x86_64/sysroot/include -internal-externc-isystem /home/chang/Android/Sdk/ndk/24.0.8215888/toolchains/llvm/prebuilt/linux-x86_64/sysroot/usr/include -O2 -Wformat -Werror=format-security -fdeprecated-macro -fdebug-compilation-dir=/home/chang/bighard/AndroidStudioProjects/ncnn_Android_blazeface/ncnn_Android_mediapipe_blazeface/app/.cxx/RelWithDebInfo/4f3z1qx2/x86/CMakeFiles/CMakeTmp -ferror-limit 19 -fopenmp -stack-protector 2 -fgnuc-version=4.2.1 -fcxx-exceptions -fexceptions -vectorize-loops -vectorize-slp -D__GCC_HAVE_DWARF2_CFI_ASM=1 -o CMakeFiles/cmTC_aac30.dir/OpenMPTryFlag.cpp.o -x c++ /home/chang/bighard/AndroidStudioProjects/ncnn_Android_blazeface/ncnn_Android_mediapipe_blazeface/app/.cxx/RelWithDebInfo/4f3z1qx2/x86/CMakeFiles/FindOpenMP/OpenMPTryFlag.cpp]
  ignore line: [clang -cc1 version 14.0.1 based upon LLVM 14.0.1git default target x86_64-unknown-linux-gnu]
  ignore line: [ignoring nonexistent directory "/home/chang/Android/Sdk/ndk/24.0.8215888/toolchains/llvm/prebuilt/linux-x86_64/sysroot/include"]
  ignore line: [#include "..." search starts here:]
  ignore line: [#include <...> search starts here:]
  ignore line: [ /home/chang/Android/Sdk/ndk/24.0.8215888/toolchains/llvm/prebuilt/linux-x86_64/sysroot/usr/include/c++/v1]
  ignore line: [ /home/chang/Android/Sdk/ndk/24.0.8215888/toolchains/llvm/prebuilt/linux-x86_64/lib64/clang/14.0.1/include]
  ignore line: [ /home/chang/Android/Sdk/ndk/24.0.8215888/toolchains/llvm/prebuilt/linux-x86_64/sysroot/usr/local/include]
  ignore line: [ /home/chang/Android/Sdk/ndk/24.0.8215888/toolchains/llvm/prebuilt/linux-x86_64/sysroot/usr/include/i686-linux-android]
  ignore line: [ /home/chang/Android/Sdk/ndk/24.0.8215888/toolchains/llvm/prebuilt/linux-x86_64/sysroot/usr/include]
  ignore line: [End of search list.]
  ignore line: [[2/2] Linking CXX executable cmTC_aac30]
  ignore line: [Android (8075178  based on r437112b) clang version 14.0.1 (https://android.googlesource.com/toolchain/llvm-project 8671348b81b95fc603505dfc881b45103bee1731)]
  ignore line: [Target: i686-none-linux-android24]
  ignore line: [Thread model: posix]
  ignore line: [InstalledDir: /home/chang/Android/Sdk/ndk/24.0.8215888/toolchains/llvm/prebuilt/linux-x86_64/bin]
  link line: [ "/home/chang/Android/Sdk/ndk/24.0.8215888/toolchains/llvm/prebuilt/linux-x86_64/bin/ld" --sysroot=/home/chang/Android/Sdk/ndk/24.0.8215888/toolchains/llvm/prebuilt/linux-x86_64/sysroot -pie -z noexecstack --warn-shared-textrel -z now -z relro --hash-style=gnu --enable-new-dtags --eh-frame-hdr -m elf_i386 -dynamic-linker /system/bin/linker -o cmTC_aac30 /home/chang/Android/Sdk/ndk/24.0.8215888/toolchains/llvm/prebuilt/linux-x86_64/sysroot/usr/lib/i686-linux-android/24/crtbegin_dynamic.o -L/home/chang/Android/Sdk/ndk/24.0.8215888/toolchains/llvm/prebuilt/linux-x86_64/lib64/clang/14.0.1/lib/linux/i386 -L/home/chang/Android/Sdk/ndk/24.0.8215888/toolchains/llvm/prebuilt/linux-x86_64/sysroot/usr/lib/i686-linux-android/24 -L/home/chang/Android/Sdk/ndk/24.0.8215888/toolchains/llvm/prebuilt/linux-x86_64/sysroot/usr/lib/i686-linux-android -L/home/chang/Android/Sdk/ndk/24.0.8215888/toolchains/llvm/prebuilt/linux-x86_64/sysroot/usr/lib --build-id=sha1 --no-rosegment --fatal-warnings --no-undefined --gc-sections CMakeFiles/cmTC_aac30.dir/OpenMPTryFlag.cpp.o -latomic -lm -Bstatic -lc++ -Bdynamic -lm -lomp /home/chang/Android/Sdk/ndk/24.0.8215888/toolchains/llvm/prebuilt/linux-x86_64/lib64/clang/14.0.1/lib/linux/libclang_rt.builtins-i686-android.a -l:libunwind.a -ldl -lc /home/chang/Android/Sdk/ndk/24.0.8215888/toolchains/llvm/prebuilt/linux-x86_64/lib64/clang/14.0.1/lib/linux/libclang_rt.builtins-i686-android.a -l:libunwind.a -ldl /home/chang/Android/Sdk/ndk/24.0.8215888/toolchains/llvm/prebuilt/linux-x86_64/sysroot/usr/lib/i686-linux-android/24/crtend_android.o]
    arg [/home/chang/Android/Sdk/ndk/24.0.8215888/toolchains/llvm/prebuilt/linux-x86_64/bin/ld] ==> ignore
    arg [--sysroot=/home/chang/Android/Sdk/ndk/24.0.8215888/toolchains/llvm/prebuilt/linux-x86_64/sysroot] ==> ignore
    arg [-pie] ==> ignore
    arg [-znoexecstack] ==> ignore
    arg [--warn-shared-textrel] ==> ignore
    arg [-znow] ==> ignore
    arg [-zrelro] ==> ignore
    arg [--hash-style=gnu] ==> ignore
    arg [--enable-new-dtags] ==> ignore
    arg [--eh-frame-hdr] ==> ignore
    arg [-m] ==> ignore
    arg [elf_i386] ==> ignore
    arg [-dynamic-linker] ==> ignore
    arg [/system/bin/linker] ==> ignore
    arg [-o] ==> ignore
    arg [cmTC_aac30] ==> ignore
    arg [-L/home/chang/Android/Sdk/ndk/24.0.8215888/toolchains/llvm/prebuilt/linux-x86_64/lib64/clang/14.0.1/lib/linux/i386] ==> dir [/home/chang/Android/Sdk/ndk/24.0.8215888/toolchains/llvm/prebuilt/linux-x86_64/lib64/clang/14.0.1/lib/linux/i386]
    arg [-L/home/chang/Android/Sdk/ndk/24.0.8215888/toolchains/llvm/prebuilt/linux-x86_64/sysroot/usr/lib/i686-linux-android/24] ==> dir [/home/chang/Android/Sdk/ndk/24.0.8215888/toolchains/llvm/prebuilt/linux-x86_64/sysroot/usr/lib/i686-linux-android/24]
    arg [-L/home/chang/Android/Sdk/ndk/24.0.8215888/toolchains/llvm/prebuilt/linux-x86_64/sysroot/usr/lib/i686-linux-android] ==> dir [/home/chang/Android/Sdk/ndk/24.0.8215888/toolchains/llvm/prebuilt/linux-x86_64/sysroot/usr/lib/i686-linux-android]
    arg [-L/home/chang/Android/Sdk/ndk/24.0.8215888/toolchains/llvm/prebuilt/linux-x86_64/sysroot/usr/lib] ==> dir [/home/chang/Android/Sdk/ndk/24.0.8215888/toolchains/llvm/prebuilt/linux-x86_64/sysroot/usr/lib]
    arg [--build-id=sha1] ==> ignore
    arg [--no-rosegment] ==> ignore
    arg [--fatal-warnings] ==> ignore
    arg [--no-undefined] ==> ignore
    arg [--gc-sections] ==> ignore
    arg [CMakeFiles/cmTC_aac30.dir/OpenMPTryFlag.cpp.o] ==> ignore
    arg [-latomic] ==> lib [atomic]
    arg [-lm] ==> lib [m]
    arg [-Bstatic] ==> search static
    arg [-lc++] ==> lib [c++]
    arg [-Bdynamic] ==> search dynamic
    arg [-lm] ==> lib [m]
    arg [-lomp] ==> lib [omp]
    arg [/home/chang/Android/Sdk/ndk/24.0.8215888/toolchains/llvm/prebuilt/linux-x86_64/lib64/clang/14.0.1/lib/linux/libclang_rt.builtins-i686-android.a] ==> lib [/home/chang/Android/Sdk/ndk/24.0.8215888/toolchains/llvm/prebuilt/linux-x86_64/lib64/clang/14.0.1/lib/linux/libclang_rt.builtins-i686-android.a]
    arg [-l:libunwind.a] ==> lib [-l:libunwind.a]
    arg [-ldl] ==> lib [dl]
    arg [-lc] ==> lib [c]
    arg [/home/chang/Android/Sdk/ndk/24.0.8215888/toolchains/llvm/prebuilt/linux-x86_64/lib64/clang/14.0.1/lib/linux/libclang_rt.builtins-i686-android.a] ==> lib [/home/chang/Android/Sdk/ndk/24.0.8215888/toolchains/llvm/prebuilt/linux-x86_64/lib64/clang/14.0.1/lib/linux/libclang_rt.builtins-i686-android.a]
    arg [-l:libunwind.a] ==> lib [-l:libunwind.a]
    arg [-ldl] ==> lib [dl]
  remove lib [/home/chang/Android/Sdk/ndk/24.0.8215888/toolchains/llvm/prebuilt/linux-x86_64/lib64/clang/14.0.1/lib/linux/libclang_rt.builtins-i686-android.a]
  remove lib [/home/chang/Android/Sdk/ndk/24.0.8215888/toolchains/llvm/prebuilt/linux-x86_64/lib64/clang/14.0.1/lib/linux/libclang_rt.builtins-i686-android.a]
  collapse library dir [/home/chang/Android/Sdk/ndk/24.0.8215888/toolchains/llvm/prebuilt/linux-x86_64/lib64/clang/14.0.1/lib/linux/i386] ==> [/home/chang/Android/Sdk/ndk/24.0.8215888/toolchains/llvm/prebuilt/linux-x86_64/lib64/clang/14.0.1/lib/linux/i386]
  collapse library dir [/home/chang/Android/Sdk/ndk/24.0.8215888/toolchains/llvm/prebuilt/linux-x86_64/sysroot/usr/lib/i686-linux-android/24] ==> [/home/chang/Android/Sdk/ndk/24.0.8215888/toolchains/llvm/prebuilt/linux-x86_64/sysroot/usr/lib/i686-linux-android/24]
  collapse library dir [/home/chang/Android/Sdk/ndk/24.0.8215888/toolchains/llvm/prebuilt/linux-x86_64/sysroot/usr/lib/i686-linux-android] ==> [/home/chang/Android/Sdk/ndk/24.0.8215888/toolchains/llvm/prebuilt/linux-x86_64/sysroot/usr/lib/i686-linux-android]
  collapse library dir [/home/chang/Android/Sdk/ndk/24.0.8215888/toolchains/llvm/prebuilt/linux-x86_64/sysroot/usr/lib] ==> [/home/chang/Android/Sdk/ndk/24.0.8215888/toolchains/llvm/prebuilt/linux-x86_64/sysroot/usr/lib]
  implicit libs: [atomic;m;c++;m;omp;-l:libunwind.a;dl;c;-l:libunwind.a;dl]
  implicit objs: []
  implicit dirs: [/home/chang/Android/Sdk/ndk/24.0.8215888/toolchains/llvm/prebuilt/linux-x86_64/lib64/clang/14.0.1/lib/linux/i386;/home/chang/Android/Sdk/ndk/24.0.8215888/toolchains/llvm/prebuilt/linux-x86_64/sysroot/usr/lib/i686-linux-android/24;/home/chang/Android/Sdk/ndk/24.0.8215888/toolchains/llvm/prebuilt/linux-x86_64/sysroot/usr/lib/i686-linux-android;/home/chang/Android/Sdk/ndk/24.0.8215888/toolchains/llvm/prebuilt/linux-x86_64/sysroot/usr/lib]
  implicit fwks: []


Determining if the include file pthread.h exists passed with the following output:
Change Dir: /home/chang/bighard/AndroidStudioProjects/ncnn_Android_blazeface/ncnn_Android_mediapipe_blazeface/app/.cxx/RelWithDebInfo/4f3z1qx2/x86/CMakeFiles/CMakeTmp

Run Build Command(s):/home/chang/Android/Sdk/cmake/3.18.1/bin/ninja cmTC_29af4 && [1/2] Building C object CMakeFiles/cmTC_29af4.dir/CheckIncludeFile.c.o
[2/2] Linking C executable cmTC_29af4



